[0.848s] DEBUG:colcon:Command line arguments: ['/usr/bin/colcon', 'build']
[0.848s] DEBUG:colcon:Parsed command line arguments: Namespace(log_base=None, log_level=None, verb_name='build', build_base='build', install_base='install', merge_install=False, symlink_install=False, test_result_base=None, continue_on_error=False, executor='parallel', parallel_workers=2, event_handlers=None, ignore_user_meta=False, metas=['./colcon.meta'], base_paths=['.'], packages_ignore=None, packages_ignore_regex=None, paths=None, packages_up_to=None, packages_up_to_regex=None, packages_above=None, packages_above_and_dependencies=None, packages_above_depth=None, packages_select_by_dep=None, packages_skip_by_dep=None, packages_skip_up_to=None, packages_select_build_failed=False, packages_skip_build_finished=False, packages_select_test_failures=False, packages_skip_test_passed=False, packages_select=None, packages_skip=None, packages_select_regex=None, packages_skip_regex=None, packages_start=None, packages_end=None, allow_overriding=[], cmake_args=None, cmake_target=None, cmake_target_skip_unavailable=False, cmake_clean_cache=False, cmake_clean_first=False, cmake_force_configure=False, ament_cmake_args=None, catkin_cmake_args=None, catkin_skip_building_tests=False, verb_parser=<colcon_defaults.argument_parser.defaults.DefaultArgumentsDecorator object at 0x7fe3b29b0340>, verb_extension=<colcon_core.verb.build.BuildVerb object at 0x7fe3b29b2e60>, main=<bound method BuildVerb.main of <colcon_core.verb.build.BuildVerb object at 0x7fe3b29b2e60>>)
[0.887s] Level 1:colcon.colcon_core.package_discovery:discover_packages(colcon_meta) check parameters
[0.888s] Level 1:colcon.colcon_core.package_discovery:discover_packages(recursive) check parameters
[0.888s] Level 1:colcon.colcon_core.package_discovery:discover_packages(ignore) check parameters
[0.888s] Level 1:colcon.colcon_core.package_discovery:discover_packages(path) check parameters
[0.888s] Level 1:colcon.colcon_core.package_discovery:discover_packages(colcon_meta) discover
[0.888s] Level 1:colcon.colcon_core.package_discovery:discover_packages(recursive) discover
[0.888s] INFO:colcon.colcon_core.package_discovery:Crawling recursively for packages in '/home/joshua/arduinobot_ws'
[0.888s] Level 1:colcon.colcon_core.package_identification:_identify(.) by extensions ['ignore', 'ignore_ament_install']
[0.888s] Level 1:colcon.colcon_core.package_identification:_identify(.) by extension 'ignore'
[0.888s] Level 1:colcon.colcon_core.package_identification:_identify(.) by extension 'ignore_ament_install'
[0.888s] Level 1:colcon.colcon_core.package_identification:_identify(.) by extensions ['colcon_pkg']
[0.888s] Level 1:colcon.colcon_core.package_identification:_identify(.) by extension 'colcon_pkg'
[0.888s] Level 1:colcon.colcon_core.package_identification:_identify(.) by extensions ['colcon_meta']
[0.888s] Level 1:colcon.colcon_core.package_identification:_identify(.) by extension 'colcon_meta'
[0.888s] Level 1:colcon.colcon_core.package_identification:_identify(.) by extensions ['ros']
[0.888s] Level 1:colcon.colcon_core.package_identification:_identify(.) by extension 'ros'
[0.898s] Level 1:colcon.colcon_core.package_identification:_identify(.) by extensions ['cmake', 'python']
[0.899s] Level 1:colcon.colcon_core.package_identification:_identify(.) by extension 'cmake'
[0.899s] Level 1:colcon.colcon_core.package_identification:_identify(.) by extension 'python'
[0.899s] Level 1:colcon.colcon_core.package_identification:_identify(.) by extensions ['python_setup_py']
[0.899s] Level 1:colcon.colcon_core.package_identification:_identify(.) by extension 'python_setup_py'
[0.899s] Level 1:colcon.colcon_core.package_identification:_identify(build) by extensions ['ignore', 'ignore_ament_install']
[0.899s] Level 1:colcon.colcon_core.package_identification:_identify(build) by extension 'ignore'
[0.899s] Level 1:colcon.colcon_core.package_identification:_identify(build) ignored
[0.899s] Level 1:colcon.colcon_core.package_identification:_identify(install) by extensions ['ignore', 'ignore_ament_install']
[0.899s] Level 1:colcon.colcon_core.package_identification:_identify(install) by extension 'ignore'
[0.899s] Level 1:colcon.colcon_core.package_identification:_identify(install) ignored
[0.899s] Level 1:colcon.colcon_core.package_identification:_identify(log) by extensions ['ignore', 'ignore_ament_install']
[0.899s] Level 1:colcon.colcon_core.package_identification:_identify(log) by extension 'ignore'
[0.900s] Level 1:colcon.colcon_core.package_identification:_identify(log) ignored
[0.900s] Level 1:colcon.colcon_core.package_identification:_identify(src) by extensions ['ignore', 'ignore_ament_install']
[0.900s] Level 1:colcon.colcon_core.package_identification:_identify(src) by extension 'ignore'
[0.900s] Level 1:colcon.colcon_core.package_identification:_identify(src) by extension 'ignore_ament_install'
[0.900s] Level 1:colcon.colcon_core.package_identification:_identify(src) by extensions ['colcon_pkg']
[0.900s] Level 1:colcon.colcon_core.package_identification:_identify(src) by extension 'colcon_pkg'
[0.900s] Level 1:colcon.colcon_core.package_identification:_identify(src) by extensions ['colcon_meta']
[0.900s] Level 1:colcon.colcon_core.package_identification:_identify(src) by extension 'colcon_meta'
[0.900s] Level 1:colcon.colcon_core.package_identification:_identify(src) by extensions ['ros']
[0.900s] Level 1:colcon.colcon_core.package_identification:_identify(src) by extension 'ros'
[0.900s] Level 1:colcon.colcon_core.package_identification:_identify(src) by extensions ['cmake', 'python']
[0.900s] Level 1:colcon.colcon_core.package_identification:_identify(src) by extension 'cmake'
[0.900s] Level 1:colcon.colcon_core.package_identification:_identify(src) by extension 'python'
[0.900s] Level 1:colcon.colcon_core.package_identification:_identify(src) by extensions ['python_setup_py']
[0.900s] Level 1:colcon.colcon_core.package_identification:_identify(src) by extension 'python_setup_py'
[0.900s] Level 1:colcon.colcon_core.package_identification:_identify(src/arduinobot_cpp_example) by extensions ['ignore', 'ignore_ament_install']
[0.901s] Level 1:colcon.colcon_core.package_identification:_identify(src/arduinobot_cpp_example) by extension 'ignore'
[0.901s] Level 1:colcon.colcon_core.package_identification:_identify(src/arduinobot_cpp_example) by extension 'ignore_ament_install'
[0.901s] Level 1:colcon.colcon_core.package_identification:_identify(src/arduinobot_cpp_example) by extensions ['colcon_pkg']
[0.901s] Level 1:colcon.colcon_core.package_identification:_identify(src/arduinobot_cpp_example) by extension 'colcon_pkg'
[0.901s] Level 1:colcon.colcon_core.package_identification:_identify(src/arduinobot_cpp_example) by extensions ['colcon_meta']
[0.901s] Level 1:colcon.colcon_core.package_identification:_identify(src/arduinobot_cpp_example) by extension 'colcon_meta'
[0.901s] Level 1:colcon.colcon_core.package_identification:_identify(src/arduinobot_cpp_example) by extensions ['ros']
[0.901s] Level 1:colcon.colcon_core.package_identification:_identify(src/arduinobot_cpp_example) by extension 'ros'
[0.903s] DEBUG:colcon.colcon_core.package_identification:Package 'src/arduinobot_cpp_example' with type 'ros.ament_cmake' and name 'arduinobot_cpp_example'
[0.903s] Level 1:colcon.colcon_core.package_identification:_identify(src/arduinobot_description) by extensions ['ignore', 'ignore_ament_install']
[0.903s] Level 1:colcon.colcon_core.package_identification:_identify(src/arduinobot_description) by extension 'ignore'
[0.903s] Level 1:colcon.colcon_core.package_identification:_identify(src/arduinobot_description) by extension 'ignore_ament_install'
[0.903s] Level 1:colcon.colcon_core.package_identification:_identify(src/arduinobot_description) by extensions ['colcon_pkg']
[0.903s] Level 1:colcon.colcon_core.package_identification:_identify(src/arduinobot_description) by extension 'colcon_pkg'
[0.903s] Level 1:colcon.colcon_core.package_identification:_identify(src/arduinobot_description) by extensions ['colcon_meta']
[0.903s] Level 1:colcon.colcon_core.package_identification:_identify(src/arduinobot_description) by extension 'colcon_meta'
[0.904s] Level 1:colcon.colcon_core.package_identification:_identify(src/arduinobot_description) by extensions ['ros']
[0.904s] Level 1:colcon.colcon_core.package_identification:_identify(src/arduinobot_description) by extension 'ros'
[0.904s] DEBUG:colcon.colcon_core.package_identification:Package 'src/arduinobot_description' with type 'ros.ament_cmake' and name 'arduinobot_description'
[0.904s] Level 1:colcon.colcon_core.package_identification:_identify(src/arduinobot_py_examples) by extensions ['ignore', 'ignore_ament_install']
[0.904s] Level 1:colcon.colcon_core.package_identification:_identify(src/arduinobot_py_examples) by extension 'ignore'
[0.904s] Level 1:colcon.colcon_core.package_identification:_identify(src/arduinobot_py_examples) by extension 'ignore_ament_install'
[0.904s] Level 1:colcon.colcon_core.package_identification:_identify(src/arduinobot_py_examples) by extensions ['colcon_pkg']
[0.904s] Level 1:colcon.colcon_core.package_identification:_identify(src/arduinobot_py_examples) by extension 'colcon_pkg'
[0.904s] Level 1:colcon.colcon_core.package_identification:_identify(src/arduinobot_py_examples) by extensions ['colcon_meta']
[0.905s] Level 1:colcon.colcon_core.package_identification:_identify(src/arduinobot_py_examples) by extension 'colcon_meta'
[0.905s] Level 1:colcon.colcon_core.package_identification:_identify(src/arduinobot_py_examples) by extensions ['ros']
[0.905s] Level 1:colcon.colcon_core.package_identification:_identify(src/arduinobot_py_examples) by extension 'ros'
[0.905s] DEBUG:colcon.colcon_core.package_identification:Package 'src/arduinobot_py_examples' with type 'ros.ament_python' and name 'arduinobot_py_examples'
[0.905s] Level 1:colcon.colcon_core.package_discovery:discover_packages(recursive) using defaults
[0.905s] Level 1:colcon.colcon_core.package_discovery:discover_packages(ignore) discover
[0.905s] Level 1:colcon.colcon_core.package_discovery:discover_packages(ignore) using defaults
[0.905s] Level 1:colcon.colcon_core.package_discovery:discover_packages(path) discover
[0.905s] Level 1:colcon.colcon_core.package_discovery:discover_packages(path) using defaults
[0.981s] Level 1:colcon.colcon_core.package_discovery:discover_packages(prefix_path) check parameters
[0.981s] Level 1:colcon.colcon_core.package_discovery:discover_packages(prefix_path) discover
[1.008s] DEBUG:colcon.colcon_installed_package_information.package_discovery:Found 355 installed packages in /opt/ros/humble
[1.009s] Level 1:colcon.colcon_core.package_discovery:discover_packages(prefix_path) using defaults
[1.093s] Level 5:colcon.colcon_core.verb:set package 'arduinobot_cpp_example' build argument 'cmake_args' from command line to 'None'
[1.093s] Level 5:colcon.colcon_core.verb:set package 'arduinobot_cpp_example' build argument 'cmake_target' from command line to 'None'
[1.093s] Level 5:colcon.colcon_core.verb:set package 'arduinobot_cpp_example' build argument 'cmake_target_skip_unavailable' from command line to 'False'
[1.093s] Level 5:colcon.colcon_core.verb:set package 'arduinobot_cpp_example' build argument 'cmake_clean_cache' from command line to 'False'
[1.093s] Level 5:colcon.colcon_core.verb:set package 'arduinobot_cpp_example' build argument 'cmake_clean_first' from command line to 'False'
[1.093s] Level 5:colcon.colcon_core.verb:set package 'arduinobot_cpp_example' build argument 'cmake_force_configure' from command line to 'False'
[1.093s] Level 5:colcon.colcon_core.verb:set package 'arduinobot_cpp_example' build argument 'ament_cmake_args' from command line to 'None'
[1.093s] Level 5:colcon.colcon_core.verb:set package 'arduinobot_cpp_example' build argument 'catkin_cmake_args' from command line to 'None'
[1.093s] Level 5:colcon.colcon_core.verb:set package 'arduinobot_cpp_example' build argument 'catkin_skip_building_tests' from command line to 'False'
[1.093s] DEBUG:colcon.colcon_core.verb:Building package 'arduinobot_cpp_example' with the following arguments: {'ament_cmake_args': None, 'build_base': '/home/joshua/arduinobot_ws/build/arduinobot_cpp_example', 'catkin_cmake_args': None, 'catkin_skip_building_tests': False, 'cmake_args': None, 'cmake_clean_cache': False, 'cmake_clean_first': False, 'cmake_force_configure': False, 'cmake_target': None, 'cmake_target_skip_unavailable': False, 'install_base': '/home/joshua/arduinobot_ws/install/arduinobot_cpp_example', 'merge_install': False, 'path': '/home/joshua/arduinobot_ws/src/arduinobot_cpp_example', 'symlink_install': False, 'test_result_base': None}
[1.105s] Level 5:colcon.colcon_core.verb:set package 'arduinobot_description' build argument 'cmake_args' from command line to 'None'
[1.105s] Level 5:colcon.colcon_core.verb:set package 'arduinobot_description' build argument 'cmake_target' from command line to 'None'
[1.105s] Level 5:colcon.colcon_core.verb:set package 'arduinobot_description' build argument 'cmake_target_skip_unavailable' from command line to 'False'
[1.105s] Level 5:colcon.colcon_core.verb:set package 'arduinobot_description' build argument 'cmake_clean_cache' from command line to 'False'
[1.105s] Level 5:colcon.colcon_core.verb:set package 'arduinobot_description' build argument 'cmake_clean_first' from command line to 'False'
[1.105s] Level 5:colcon.colcon_core.verb:set package 'arduinobot_description' build argument 'cmake_force_configure' from command line to 'False'
[1.105s] Level 5:colcon.colcon_core.verb:set package 'arduinobot_description' build argument 'ament_cmake_args' from command line to 'None'
[1.105s] Level 5:colcon.colcon_core.verb:set package 'arduinobot_description' build argument 'catkin_cmake_args' from command line to 'None'
[1.105s] Level 5:colcon.colcon_core.verb:set package 'arduinobot_description' build argument 'catkin_skip_building_tests' from command line to 'False'
[1.105s] DEBUG:colcon.colcon_core.verb:Building package 'arduinobot_description' with the following arguments: {'ament_cmake_args': None, 'build_base': '/home/joshua/arduinobot_ws/build/arduinobot_description', 'catkin_cmake_args': None, 'catkin_skip_building_tests': False, 'cmake_args': None, 'cmake_clean_cache': False, 'cmake_clean_first': False, 'cmake_force_configure': False, 'cmake_target': None, 'cmake_target_skip_unavailable': False, 'install_base': '/home/joshua/arduinobot_ws/install/arduinobot_description', 'merge_install': False, 'path': '/home/joshua/arduinobot_ws/src/arduinobot_description', 'symlink_install': False, 'test_result_base': None}
[1.118s] Level 5:colcon.colcon_core.verb:set package 'arduinobot_py_examples' build argument 'cmake_args' from command line to 'None'
[1.118s] Level 5:colcon.colcon_core.verb:set package 'arduinobot_py_examples' build argument 'cmake_target' from command line to 'None'
[1.118s] Level 5:colcon.colcon_core.verb:set package 'arduinobot_py_examples' build argument 'cmake_target_skip_unavailable' from command line to 'False'
[1.118s] Level 5:colcon.colcon_core.verb:set package 'arduinobot_py_examples' build argument 'cmake_clean_cache' from command line to 'False'
[1.118s] Level 5:colcon.colcon_core.verb:set package 'arduinobot_py_examples' build argument 'cmake_clean_first' from command line to 'False'
[1.118s] Level 5:colcon.colcon_core.verb:set package 'arduinobot_py_examples' build argument 'cmake_force_configure' from command line to 'False'
[1.118s] Level 5:colcon.colcon_core.verb:set package 'arduinobot_py_examples' build argument 'ament_cmake_args' from command line to 'None'
[1.118s] Level 5:colcon.colcon_core.verb:set package 'arduinobot_py_examples' build argument 'catkin_cmake_args' from command line to 'None'
[1.118s] Level 5:colcon.colcon_core.verb:set package 'arduinobot_py_examples' build argument 'catkin_skip_building_tests' from command line to 'False'
[1.118s] DEBUG:colcon.colcon_core.verb:Building package 'arduinobot_py_examples' with the following arguments: {'ament_cmake_args': None, 'build_base': '/home/joshua/arduinobot_ws/build/arduinobot_py_examples', 'catkin_cmake_args': None, 'catkin_skip_building_tests': False, 'cmake_args': None, 'cmake_clean_cache': False, 'cmake_clean_first': False, 'cmake_force_configure': False, 'cmake_target': None, 'cmake_target_skip_unavailable': False, 'install_base': '/home/joshua/arduinobot_ws/install/arduinobot_py_examples', 'merge_install': False, 'path': '/home/joshua/arduinobot_ws/src/arduinobot_py_examples', 'symlink_install': False, 'test_result_base': None}
[1.130s] INFO:colcon.colcon_core.executor:Executing jobs using 'parallel' executor
[1.143s] DEBUG:colcon.colcon_parallel_executor.executor.parallel:run_until_complete
[1.146s] INFO:colcon.colcon_ros.task.ament_cmake.build:Building ROS package in '/home/joshua/arduinobot_ws/src/arduinobot_cpp_example' with build type 'ament_cmake'
[1.146s] INFO:colcon.colcon_cmake.task.cmake.build:Building CMake package in '/home/joshua/arduinobot_ws/src/arduinobot_cpp_example'
[1.162s] INFO:colcon.colcon_core.plugin_system:Skipping extension 'colcon_core.shell.bat': Not used on non-Windows systems
[1.162s] INFO:colcon.colcon_core.shell:Skip shell extension 'powershell' for command environment: Not usable outside of PowerShell
[1.163s] DEBUG:colcon.colcon_core.shell:Skip shell extension 'dsv' for command environment
[1.194s] INFO:colcon.colcon_ros.task.ament_cmake.build:Building ROS package in '/home/joshua/arduinobot_ws/src/arduinobot_description' with build type 'ament_cmake'
[1.194s] INFO:colcon.colcon_cmake.task.cmake.build:Building CMake package in '/home/joshua/arduinobot_ws/src/arduinobot_description'
[1.207s] INFO:colcon.colcon_core.shell:Skip shell extension 'powershell' for command environment: Not usable outside of PowerShell
[1.207s] DEBUG:colcon.colcon_core.shell:Skip shell extension 'dsv' for command environment
[1.239s] DEBUG:colcon.colcon_core.event_handler.log_command:Invoking command in '/home/joshua/arduinobot_ws/build/arduinobot_cpp_example': CMAKE_PREFIX_PATH=/opt/ros/humble /usr/bin/cmake --build /home/joshua/arduinobot_ws/build/arduinobot_cpp_example -- -j2 -l2
[1.249s] DEBUG:colcon.colcon_core.event_handler.log_command:Invoking command in '/home/joshua/arduinobot_ws/build/arduinobot_description': CMAKE_PREFIX_PATH=/opt/ros/humble /usr/bin/cmake --build /home/joshua/arduinobot_ws/build/arduinobot_description -- -j2 -l2
[1.310s] DEBUG:colcon.colcon_core.event_handler.log_command:Invoked command in '/home/joshua/arduinobot_ws/build/arduinobot_description' returned '0': CMAKE_PREFIX_PATH=/opt/ros/humble /usr/bin/cmake --build /home/joshua/arduinobot_ws/build/arduinobot_description -- -j2 -l2
[1.322s] DEBUG:colcon.colcon_core.event_handler.log_command:Invoked command in '/home/joshua/arduinobot_ws/build/arduinobot_cpp_example' returned '0': CMAKE_PREFIX_PATH=/opt/ros/humble /usr/bin/cmake --build /home/joshua/arduinobot_ws/build/arduinobot_cpp_example -- -j2 -l2
[1.366s] DEBUG:colcon.colcon_core.event_handler.log_command:Invoking command in '/home/joshua/arduinobot_ws/build/arduinobot_description': CMAKE_PREFIX_PATH=/opt/ros/humble /usr/bin/cmake --install /home/joshua/arduinobot_ws/build/arduinobot_description
[1.366s] DEBUG:colcon.colcon_core.event_handler.log_command:Invoking command in '/home/joshua/arduinobot_ws/build/arduinobot_cpp_example': CMAKE_PREFIX_PATH=/opt/ros/humble /usr/bin/cmake --install /home/joshua/arduinobot_ws/build/arduinobot_cpp_example
[1.391s] Level 1:colcon.colcon_core.environment:create_environment_scripts_only(arduinobot_cpp_example)
[1.402s] DEBUG:colcon.colcon_core.event_handler.log_command:Invoked command in '/home/joshua/arduinobot_ws/build/arduinobot_cpp_example' returned '0': CMAKE_PREFIX_PATH=/opt/ros/humble /usr/bin/cmake --install /home/joshua/arduinobot_ws/build/arduinobot_cpp_example
[1.416s] Level 1:colcon.colcon_core.environment:checking '/home/joshua/arduinobot_ws/install/arduinobot_cpp_example' for CMake module files
[1.417s] Level 1:colcon.colcon_core.environment:checking '/home/joshua/arduinobot_ws/install/arduinobot_cpp_example' for CMake config files
[1.417s] Level 1:colcon.colcon_core.shell:create_environment_hook('arduinobot_cpp_example', 'cmake_prefix_path')
[1.435s] INFO:colcon.colcon_core.shell:Creating environment hook '/home/joshua/arduinobot_ws/install/arduinobot_cpp_example/share/arduinobot_cpp_example/hook/cmake_prefix_path.ps1'
[1.437s] INFO:colcon.colcon_core.shell:Creating environment descriptor '/home/joshua/arduinobot_ws/install/arduinobot_cpp_example/share/arduinobot_cpp_example/hook/cmake_prefix_path.dsv'
[1.438s] INFO:colcon.colcon_core.shell:Creating environment hook '/home/joshua/arduinobot_ws/install/arduinobot_cpp_example/share/arduinobot_cpp_example/hook/cmake_prefix_path.sh'
[1.439s] Level 1:colcon.colcon_core.environment:checking '/home/joshua/arduinobot_ws/install/arduinobot_cpp_example/bin'
[1.439s] Level 1:colcon.colcon_core.environment:checking '/home/joshua/arduinobot_ws/install/arduinobot_cpp_example/lib/pkgconfig/arduinobot_cpp_example.pc'
[1.440s] Level 1:colcon.colcon_core.environment:checking '/home/joshua/arduinobot_ws/install/arduinobot_cpp_example/lib/python3.10/site-packages'
[1.440s] Level 1:colcon.colcon_core.environment:checking '/home/joshua/arduinobot_ws/install/arduinobot_cpp_example/bin'
[1.461s] INFO:colcon.colcon_core.shell:Creating package script '/home/joshua/arduinobot_ws/install/arduinobot_cpp_example/share/arduinobot_cpp_example/package.ps1'
[1.462s] INFO:colcon.colcon_core.shell:Creating package descriptor '/home/joshua/arduinobot_ws/install/arduinobot_cpp_example/share/arduinobot_cpp_example/package.dsv'
[1.462s] INFO:colcon.colcon_core.shell:Creating package script '/home/joshua/arduinobot_ws/install/arduinobot_cpp_example/share/arduinobot_cpp_example/package.sh'
[1.463s] INFO:colcon.colcon_core.shell:Creating package script '/home/joshua/arduinobot_ws/install/arduinobot_cpp_example/share/arduinobot_cpp_example/package.bash'
[1.464s] INFO:colcon.colcon_core.shell:Creating package script '/home/joshua/arduinobot_ws/install/arduinobot_cpp_example/share/arduinobot_cpp_example/package.zsh'
[1.464s] Level 1:colcon.colcon_core.environment:create_file_with_runtime_dependencies(/home/joshua/arduinobot_ws/install/arduinobot_cpp_example/share/colcon-core/packages/arduinobot_cpp_example)
[1.466s] Level 1:colcon.colcon_core.environment:create_environment_scripts_only(arduinobot_description)
[1.469s] DEBUG:colcon.colcon_core.event_handler.log_command:Invoked command in '/home/joshua/arduinobot_ws/build/arduinobot_description' returned '0': CMAKE_PREFIX_PATH=/opt/ros/humble /usr/bin/cmake --install /home/joshua/arduinobot_ws/build/arduinobot_description
[1.479s] Level 1:colcon.colcon_core.environment:checking '/home/joshua/arduinobot_ws/install/arduinobot_description' for CMake module files
[1.479s] Level 1:colcon.colcon_core.environment:checking '/home/joshua/arduinobot_ws/install/arduinobot_description' for CMake config files
[1.480s] Level 1:colcon.colcon_core.shell:create_environment_hook('arduinobot_description', 'cmake_prefix_path')
[1.514s] INFO:colcon.colcon_core.shell:Creating environment hook '/home/joshua/arduinobot_ws/install/arduinobot_description/share/arduinobot_description/hook/cmake_prefix_path.ps1'
[1.515s] INFO:colcon.colcon_core.shell:Creating environment descriptor '/home/joshua/arduinobot_ws/install/arduinobot_description/share/arduinobot_description/hook/cmake_prefix_path.dsv'
[1.515s] INFO:colcon.colcon_core.shell:Creating environment hook '/home/joshua/arduinobot_ws/install/arduinobot_description/share/arduinobot_description/hook/cmake_prefix_path.sh'
[1.516s] Level 1:colcon.colcon_core.environment:checking '/home/joshua/arduinobot_ws/install/arduinobot_description/bin'
[1.516s] Level 1:colcon.colcon_core.environment:checking '/home/joshua/arduinobot_ws/install/arduinobot_description/lib/pkgconfig/arduinobot_description.pc'
[1.516s] Level 1:colcon.colcon_core.environment:checking '/home/joshua/arduinobot_ws/install/arduinobot_description/lib/python3.10/site-packages'
[1.516s] Level 1:colcon.colcon_core.environment:checking '/home/joshua/arduinobot_ws/install/arduinobot_description/bin'
[1.528s] INFO:colcon.colcon_core.shell:Creating package script '/home/joshua/arduinobot_ws/install/arduinobot_description/share/arduinobot_description/package.ps1'
[1.529s] INFO:colcon.colcon_core.shell:Creating package descriptor '/home/joshua/arduinobot_ws/install/arduinobot_description/share/arduinobot_description/package.dsv'
[1.530s] INFO:colcon.colcon_core.shell:Creating package script '/home/joshua/arduinobot_ws/install/arduinobot_description/share/arduinobot_description/package.sh'
[1.530s] INFO:colcon.colcon_core.shell:Creating package script '/home/joshua/arduinobot_ws/install/arduinobot_description/share/arduinobot_description/package.bash'
[1.531s] INFO:colcon.colcon_core.shell:Creating package script '/home/joshua/arduinobot_ws/install/arduinobot_description/share/arduinobot_description/package.zsh'
[1.531s] Level 1:colcon.colcon_core.environment:create_file_with_runtime_dependencies(/home/joshua/arduinobot_ws/install/arduinobot_description/share/colcon-core/packages/arduinobot_description)
[1.545s] Level 1:colcon.colcon_core.environment:create_environment_scripts_only(arduinobot_cpp_example)
[1.556s] Level 1:colcon.colcon_core.environment:checking '/home/joshua/arduinobot_ws/install/arduinobot_cpp_example' for CMake module files
[1.557s] Level 1:colcon.colcon_core.environment:checking '/home/joshua/arduinobot_ws/install/arduinobot_cpp_example' for CMake config files
[1.557s] Level 1:colcon.colcon_core.shell:create_environment_hook('arduinobot_cpp_example', 'cmake_prefix_path')
[1.569s] INFO:colcon.colcon_core.shell:Creating environment hook '/home/joshua/arduinobot_ws/install/arduinobot_cpp_example/share/arduinobot_cpp_example/hook/cmake_prefix_path.ps1'
[1.570s] INFO:colcon.colcon_core.shell:Creating environment descriptor '/home/joshua/arduinobot_ws/install/arduinobot_cpp_example/share/arduinobot_cpp_example/hook/cmake_prefix_path.dsv'
[1.570s] INFO:colcon.colcon_core.shell:Creating environment hook '/home/joshua/arduinobot_ws/install/arduinobot_cpp_example/share/arduinobot_cpp_example/hook/cmake_prefix_path.sh'
[1.571s] Level 1:colcon.colcon_core.environment:checking '/home/joshua/arduinobot_ws/install/arduinobot_cpp_example/bin'
[1.571s] Level 1:colcon.colcon_core.environment:checking '/home/joshua/arduinobot_ws/install/arduinobot_cpp_example/lib/pkgconfig/arduinobot_cpp_example.pc'
[1.571s] Level 1:colcon.colcon_core.environment:checking '/home/joshua/arduinobot_ws/install/arduinobot_cpp_example/lib/python3.10/site-packages'
[1.571s] Level 1:colcon.colcon_core.environment:checking '/home/joshua/arduinobot_ws/install/arduinobot_cpp_example/bin'
[1.585s] INFO:colcon.colcon_core.shell:Creating package script '/home/joshua/arduinobot_ws/install/arduinobot_cpp_example/share/arduinobot_cpp_example/package.ps1'
[1.585s] INFO:colcon.colcon_core.shell:Creating package descriptor '/home/joshua/arduinobot_ws/install/arduinobot_cpp_example/share/arduinobot_cpp_example/package.dsv'
[1.586s] INFO:colcon.colcon_core.shell:Creating package script '/home/joshua/arduinobot_ws/install/arduinobot_cpp_example/share/arduinobot_cpp_example/package.sh'
[1.586s] INFO:colcon.colcon_core.shell:Creating package script '/home/joshua/arduinobot_ws/install/arduinobot_cpp_example/share/arduinobot_cpp_example/package.bash'
[1.587s] INFO:colcon.colcon_core.shell:Creating package script '/home/joshua/arduinobot_ws/install/arduinobot_cpp_example/share/arduinobot_cpp_example/package.zsh'
[1.587s] Level 1:colcon.colcon_core.environment:create_file_with_runtime_dependencies(/home/joshua/arduinobot_ws/install/arduinobot_cpp_example/share/colcon-core/packages/arduinobot_cpp_example)
[1.588s] INFO:colcon.colcon_ros.task.ament_python.build:Building ROS package in '/home/joshua/arduinobot_ws/src/arduinobot_py_examples' with build type 'ament_python'
[1.588s] Level 1:colcon.colcon_core.shell:create_environment_hook('arduinobot_py_examples', 'ament_prefix_path')
[1.599s] INFO:colcon.colcon_core.shell:Creating environment hook '/home/joshua/arduinobot_ws/install/arduinobot_py_examples/share/arduinobot_py_examples/hook/ament_prefix_path.ps1'
[1.600s] INFO:colcon.colcon_core.shell:Creating environment descriptor '/home/joshua/arduinobot_ws/install/arduinobot_py_examples/share/arduinobot_py_examples/hook/ament_prefix_path.dsv'
[1.600s] INFO:colcon.colcon_core.shell:Creating environment hook '/home/joshua/arduinobot_ws/install/arduinobot_py_examples/share/arduinobot_py_examples/hook/ament_prefix_path.sh'
[1.613s] INFO:colcon.colcon_core.shell:Skip shell extension 'powershell' for command environment: Not usable outside of PowerShell
[1.613s] DEBUG:colcon.colcon_core.shell:Skip shell extension 'dsv' for command environment
[1.657s] Level 1:colcon.colcon_core.environment:create_environment_scripts_only(arduinobot_description)
[1.670s] Level 1:colcon.colcon_core.environment:checking '/home/joshua/arduinobot_ws/install/arduinobot_description' for CMake module files
[1.671s] Level 1:colcon.colcon_core.environment:checking '/home/joshua/arduinobot_ws/install/arduinobot_description' for CMake config files
[1.671s] Level 1:colcon.colcon_core.shell:create_environment_hook('arduinobot_description', 'cmake_prefix_path')
[1.682s] INFO:colcon.colcon_core.shell:Creating environment hook '/home/joshua/arduinobot_ws/install/arduinobot_description/share/arduinobot_description/hook/cmake_prefix_path.ps1'
[1.683s] INFO:colcon.colcon_core.shell:Creating environment descriptor '/home/joshua/arduinobot_ws/install/arduinobot_description/share/arduinobot_description/hook/cmake_prefix_path.dsv'
[1.683s] INFO:colcon.colcon_core.shell:Creating environment hook '/home/joshua/arduinobot_ws/install/arduinobot_description/share/arduinobot_description/hook/cmake_prefix_path.sh'
[1.684s] Level 1:colcon.colcon_core.environment:checking '/home/joshua/arduinobot_ws/install/arduinobot_description/bin'
[1.684s] Level 1:colcon.colcon_core.environment:checking '/home/joshua/arduinobot_ws/install/arduinobot_description/lib/pkgconfig/arduinobot_description.pc'
[1.684s] Level 1:colcon.colcon_core.environment:checking '/home/joshua/arduinobot_ws/install/arduinobot_description/lib/python3.10/site-packages'
[1.684s] Level 1:colcon.colcon_core.environment:checking '/home/joshua/arduinobot_ws/install/arduinobot_description/bin'
[1.696s] INFO:colcon.colcon_core.shell:Creating package script '/home/joshua/arduinobot_ws/install/arduinobot_description/share/arduinobot_description/package.ps1'
[1.697s] INFO:colcon.colcon_core.shell:Creating package descriptor '/home/joshua/arduinobot_ws/install/arduinobot_description/share/arduinobot_description/package.dsv'
[1.697s] INFO:colcon.colcon_core.shell:Creating package script '/home/joshua/arduinobot_ws/install/arduinobot_description/share/arduinobot_description/package.sh'
[1.698s] INFO:colcon.colcon_core.shell:Creating package script '/home/joshua/arduinobot_ws/install/arduinobot_description/share/arduinobot_description/package.bash'
[1.698s] INFO:colcon.colcon_core.shell:Creating package script '/home/joshua/arduinobot_ws/install/arduinobot_description/share/arduinobot_description/package.zsh'
[1.699s] Level 1:colcon.colcon_core.environment:create_file_with_runtime_dependencies(/home/joshua/arduinobot_ws/install/arduinobot_description/share/colcon-core/packages/arduinobot_description)
[1.914s] INFO:colcon.colcon_core.task.python.build:Building Python package in '/home/joshua/arduinobot_ws/src/arduinobot_py_examples'
[1.926s] INFO:colcon.colcon_core.shell:Skip shell extension 'powershell' for command environment: Not usable outside of PowerShell
[1.926s] DEBUG:colcon.colcon_core.shell:Skip shell extension 'dsv' for command environment
[2.252s] DEBUG:colcon.colcon_core.event_handler.log_command:Invoking command in '/home/joshua/arduinobot_ws/src/arduinobot_py_examples': PYTHONPATH=/home/joshua/arduinobot_ws/build/arduinobot_py_examples/prefix_override:/home/joshua/arduinobot_ws/install/arduinobot_py_examples/lib/python3.10/site-packages:${PYTHONPATH} /usr/bin/python3 setup.py egg_info --egg-base ../../build/arduinobot_py_examples build --build-base /home/joshua/arduinobot_ws/build/arduinobot_py_examples/build install --record /home/joshua/arduinobot_ws/build/arduinobot_py_examples/install.log --single-version-externally-managed
[2.496s] DEBUG:colcon.colcon_core.event_handler.log_command:Invoked command in '/home/joshua/arduinobot_ws/src/arduinobot_py_examples' returned '0': PYTHONPATH=/home/joshua/arduinobot_ws/build/arduinobot_py_examples/prefix_override:/home/joshua/arduinobot_ws/install/arduinobot_py_examples/lib/python3.10/site-packages:${PYTHONPATH} /usr/bin/python3 setup.py egg_info --egg-base ../../build/arduinobot_py_examples build --build-base /home/joshua/arduinobot_ws/build/arduinobot_py_examples/build install --record /home/joshua/arduinobot_ws/build/arduinobot_py_examples/install.log --single-version-externally-managed
[2.504s] Level 1:colcon.colcon_core.environment:checking '/home/joshua/arduinobot_ws/install/arduinobot_py_examples' for CMake module files
[2.504s] Level 1:colcon.colcon_core.environment:checking '/home/joshua/arduinobot_ws/install/arduinobot_py_examples' for CMake config files
[2.505s] Level 1:colcon.colcon_core.environment:checking '/home/joshua/arduinobot_ws/install/arduinobot_py_examples/lib'
[2.505s] Level 1:colcon.colcon_core.environment:checking '/home/joshua/arduinobot_ws/install/arduinobot_py_examples/bin'
[2.505s] Level 1:colcon.colcon_core.environment:checking '/home/joshua/arduinobot_ws/install/arduinobot_py_examples/lib/pkgconfig/arduinobot_py_examples.pc'
[2.505s] Level 1:colcon.colcon_core.environment:checking '/home/joshua/arduinobot_ws/install/arduinobot_py_examples/lib/python3.10/site-packages'
[2.506s] Level 1:colcon.colcon_core.shell:create_environment_hook('arduinobot_py_examples', 'pythonpath')
[2.516s] INFO:colcon.colcon_core.shell:Creating environment hook '/home/joshua/arduinobot_ws/install/arduinobot_py_examples/share/arduinobot_py_examples/hook/pythonpath.ps1'
[2.517s] INFO:colcon.colcon_core.shell:Creating environment descriptor '/home/joshua/arduinobot_ws/install/arduinobot_py_examples/share/arduinobot_py_examples/hook/pythonpath.dsv'
[2.517s] INFO:colcon.colcon_core.shell:Creating environment hook '/home/joshua/arduinobot_ws/install/arduinobot_py_examples/share/arduinobot_py_examples/hook/pythonpath.sh'
[2.518s] Level 1:colcon.colcon_core.environment:checking '/home/joshua/arduinobot_ws/install/arduinobot_py_examples/bin'
[2.518s] Level 1:colcon.colcon_core.environment:create_environment_scripts_only(arduinobot_py_examples)
[2.528s] INFO:colcon.colcon_core.shell:Creating package script '/home/joshua/arduinobot_ws/install/arduinobot_py_examples/share/arduinobot_py_examples/package.ps1'
[2.529s] INFO:colcon.colcon_core.shell:Creating package descriptor '/home/joshua/arduinobot_ws/install/arduinobot_py_examples/share/arduinobot_py_examples/package.dsv'
[2.530s] INFO:colcon.colcon_core.shell:Creating package script '/home/joshua/arduinobot_ws/install/arduinobot_py_examples/share/arduinobot_py_examples/package.sh'
[2.530s] INFO:colcon.colcon_core.shell:Creating package script '/home/joshua/arduinobot_ws/install/arduinobot_py_examples/share/arduinobot_py_examples/package.bash'
[2.531s] INFO:colcon.colcon_core.shell:Creating package script '/home/joshua/arduinobot_ws/install/arduinobot_py_examples/share/arduinobot_py_examples/package.zsh'
[2.531s] Level 1:colcon.colcon_core.environment:create_file_with_runtime_dependencies(/home/joshua/arduinobot_ws/install/arduinobot_py_examples/share/colcon-core/packages/arduinobot_py_examples)
[2.531s] DEBUG:colcon.colcon_parallel_executor.executor.parallel:closing loop
[2.532s] DEBUG:colcon.colcon_parallel_executor.executor.parallel:loop closed
[2.532s] DEBUG:colcon.colcon_parallel_executor.executor.parallel:run_until_complete finished with '0'
[2.532s] DEBUG:colcon.colcon_core.event_reactor:joining thread
[2.548s] INFO:colcon.colcon_core.plugin_system:Skipping extension 'colcon_notification.desktop_notification.terminal_notifier': Not used on non-Darwin systems
[2.548s] INFO:colcon.colcon_core.plugin_system:Skipping extension 'colcon_notification.desktop_notification.win32': Not used on non-Windows systems
[2.548s] INFO:colcon.colcon_notification.desktop_notification:Sending desktop notification using 'notify2'
[2.561s] DEBUG:colcon.colcon_core.event_reactor:joined thread
[2.574s] INFO:colcon.colcon_core.shell:Creating prefix script '/home/joshua/arduinobot_ws/install/local_setup.ps1'
[2.575s] INFO:colcon.colcon_core.shell:Creating prefix util module '/home/joshua/arduinobot_ws/install/_local_setup_util_ps1.py'
[2.576s] INFO:colcon.colcon_core.shell:Creating prefix chain script '/home/joshua/arduinobot_ws/install/setup.ps1'
[2.588s] INFO:colcon.colcon_core.shell:Creating prefix script '/home/joshua/arduinobot_ws/install/local_setup.sh'
[2.589s] INFO:colcon.colcon_core.shell:Creating prefix util module '/home/joshua/arduinobot_ws/install/_local_setup_util_sh.py'
[2.589s] INFO:colcon.colcon_core.shell:Creating prefix chain script '/home/joshua/arduinobot_ws/install/setup.sh'
[2.602s] INFO:colcon.colcon_core.shell:Creating prefix script '/home/joshua/arduinobot_ws/install/local_setup.bash'
[2.602s] INFO:colcon.colcon_core.shell:Creating prefix chain script '/home/joshua/arduinobot_ws/install/setup.bash'
[2.614s] INFO:colcon.colcon_core.shell:Creating prefix script '/home/joshua/arduinobot_ws/install/local_setup.zsh'
[2.615s] INFO:colcon.colcon_core.shell:Creating prefix chain script '/home/joshua/arduinobot_ws/install/setup.zsh'
