[0.063s] Invoking command in '/home/joshua/arduinobot_ws/build/arduinobot_description': CMAKE_PREFIX_PATH=/opt/ros/humble /usr/bin/cmake --build /home/joshua/arduinobot_ws/build/arduinobot_description -- -j2 -l2
[0.100s] -- Found ament_cmake: 1.3.5 (/opt/ros/humble/share/ament_cmake/cmake)
[0.268s] -- Found ament_lint_auto: 0.12.8 (/opt/ros/humble/share/ament_lint_auto/cmake)
[0.334s] -- Added test 'lint_cmake' to check CMake code style
[0.334s] -- Added test 'xmllint' to check XML markup files
[0.336s] -- Configuring done
[0.344s] -- Generating done
[0.345s] -- Build files have been written to: /home/joshua/arduinobot_ws/build/arduinobot_description
[0.441s] Invoked command in '/home/joshua/arduinobot_ws/build/arduinobot_description' returned '0': CMAKE_PREFIX_PATH=/opt/ros/humble /usr/bin/cmake --build /home/joshua/arduinobot_ws/build/arduinobot_description -- -j2 -l2
[0.706s] Invoking command in '/home/joshua/arduinobot_ws/build/arduinobot_description': CMAKE_PREFIX_PATH=/opt/ros/humble /usr/bin/cmake --install /home/joshua/arduinobot_ws/build/arduinobot_description
[0.716s] -- Install configuration: ""
[0.716s] -- Installing: /home/joshua/arduinobot_ws/install/arduinobot_description/share/arduinobot_description/meshes
[0.717s] -- Installing: /home/joshua/arduinobot_ws/install/arduinobot_description/share/arduinobot_description/meshes/left_finger.STL
[0.721s] -- Installing: /home/joshua/arduinobot_ws/install/arduinobot_description/share/arduinobot_description/meshes/horizontal_arm.STL
[0.731s] -- Installing: /home/joshua/arduinobot_ws/install/arduinobot_description/share/arduinobot_description/meshes/forward_drive_arm.STL
[0.752s] -- Installing: /home/joshua/arduinobot_ws/install/arduinobot_description/share/arduinobot_description/meshes/right_finger.STL
[0.756s] -- Installing: /home/joshua/arduinobot_ws/install/arduinobot_description/share/arduinobot_description/meshes/basement.STL
[0.768s] -- Installing: /home/joshua/arduinobot_ws/install/arduinobot_description/share/arduinobot_description/meshes/vertical_drive_arm.STL
[0.775s] -- Installing: /home/joshua/arduinobot_ws/install/arduinobot_description/share/arduinobot_description/meshes/plate.STL
[0.793s] -- Installing: /home/joshua/arduinobot_ws/install/arduinobot_description/share/arduinobot_description/meshes/link.STL
[0.798s] -- Installing: /home/joshua/arduinobot_ws/install/arduinobot_description/share/arduinobot_description/meshes/servo_plate.STL
[0.804s] -- Installing: /home/joshua/arduinobot_ws/install/arduinobot_description/share/arduinobot_description/meshes/base_plate.STL
[0.830s] -- Installing: /home/joshua/arduinobot_ws/install/arduinobot_description/share/arduinobot_description/meshes/claw_support.STL
[0.841s] -- Installing: /home/joshua/arduinobot_ws/install/arduinobot_description/share/arduinobot_description/meshes/triangular_link.STL
[0.847s] -- Installing: /home/joshua/arduinobot_ws/install/arduinobot_description/share/arduinobot_description/meshes/round_plate.STL
[0.857s] -- Installing: /home/joshua/arduinobot_ws/install/arduinobot_description/share/arduinobot_description/urdf
[0.857s] -- Installing: /home/joshua/arduinobot_ws/install/arduinobot_description/share/arduinobot_description/urdf/arduinobot.urdf.xacro
[0.858s] -- Up-to-date: /home/joshua/arduinobot_ws/install/arduinobot_description/share/ament_index/resource_index/package_run_dependencies/arduinobot_description
[0.859s] -- Up-to-date: /home/joshua/arduinobot_ws/install/arduinobot_description/share/ament_index/resource_index/parent_prefix_path/arduinobot_description
[0.859s] -- Up-to-date: /home/joshua/arduinobot_ws/install/arduinobot_description/share/arduinobot_description/environment/ament_prefix_path.sh
[0.859s] -- Installing: /home/joshua/arduinobot_ws/install/arduinobot_description/share/arduinobot_description/environment/ament_prefix_path.dsv
[0.860s] -- Up-to-date: /home/joshua/arduinobot_ws/install/arduinobot_description/share/arduinobot_description/environment/path.sh
[0.861s] -- Installing: /home/joshua/arduinobot_ws/install/arduinobot_description/share/arduinobot_description/environment/path.dsv
[0.861s] -- Up-to-date: /home/joshua/arduinobot_ws/install/arduinobot_description/share/arduinobot_description/local_setup.bash
[0.862s] -- Up-to-date: /home/joshua/arduinobot_ws/install/arduinobot_description/share/arduinobot_description/local_setup.sh
[0.862s] -- Up-to-date: /home/joshua/arduinobot_ws/install/arduinobot_description/share/arduinobot_description/local_setup.zsh
[0.863s] -- Installing: /home/joshua/arduinobot_ws/install/arduinobot_description/share/arduinobot_description/local_setup.dsv
[0.863s] -- Installing: /home/joshua/arduinobot_ws/install/arduinobot_description/share/arduinobot_description/package.dsv
[0.864s] -- Up-to-date: /home/joshua/arduinobot_ws/install/arduinobot_description/share/ament_index/resource_index/packages/arduinobot_description
[0.865s] -- Up-to-date: /home/joshua/arduinobot_ws/install/arduinobot_description/share/arduinobot_description/cmake/arduinobot_descriptionConfig.cmake
[0.865s] -- Up-to-date: /home/joshua/arduinobot_ws/install/arduinobot_description/share/arduinobot_description/cmake/arduinobot_descriptionConfig-version.cmake
[0.865s] -- Up-to-date: /home/joshua/arduinobot_ws/install/arduinobot_description/share/arduinobot_description/package.xml
[0.869s] Invoked command in '/home/joshua/arduinobot_ws/build/arduinobot_description' returned '0': CMAKE_PREFIX_PATH=/opt/ros/humble /usr/bin/cmake --install /home/joshua/arduinobot_ws/build/arduinobot_description
