[1.380s] Invoking command in '/home/joshua/arduinobot_ws/src/arduinobot_py_examples': PYTHONPATH=/home/joshua/arduinobot_ws/build/arduinobot_py_examples/prefix_override:/home/joshua/arduinobot_ws/install/arduinobot_py_examples/lib/python3.10/site-packages:${PYTHONPATH} /usr/bin/python3 setup.py egg_info --egg-base ../../build/arduinobot_py_examples build --build-base /home/joshua/arduinobot_ws/build/arduinobot_py_examples/build install --record /home/joshua/arduinobot_ws/build/arduinobot_py_examples/install.log --single-version-externally-managed
[1.674s] running egg_info
[1.674s] writing ../../build/arduinobot_py_examples/arduinobot_py_examples.egg-info/PKG-INFO
[1.675s] writing dependency_links to ../../build/arduinobot_py_examples/arduinobot_py_examples.egg-info/dependency_links.txt
[1.675s] writing entry points to ../../build/arduinobot_py_examples/arduinobot_py_examples.egg-info/entry_points.txt
[1.675s] writing requirements to ../../build/arduinobot_py_examples/arduinobot_py_examples.egg-info/requires.txt
[1.676s] writing top-level names to ../../build/arduinobot_py_examples/arduinobot_py_examples.egg-info/top_level.txt
[1.678s] reading manifest file '../../build/arduinobot_py_examples/arduinobot_py_examples.egg-info/SOURCES.txt'
[1.679s] writing manifest file '../../build/arduinobot_py_examples/arduinobot_py_examples.egg-info/SOURCES.txt'
[1.679s] running build
[1.679s] running build_py
[1.680s] copying arduinobot_py_examples/simple_parameter.py -> /home/joshua/arduinobot_ws/build/arduinobot_py_examples/build/lib/arduinobot_py_examples
[1.680s] copying arduinobot_py_examples/simple_subscriber.py -> /home/joshua/arduinobot_ws/build/arduinobot_py_examples/build/lib/arduinobot_py_examples
[1.680s] copying arduinobot_py_examples/__init__.py -> /home/joshua/arduinobot_ws/build/arduinobot_py_examples/build/lib/arduinobot_py_examples
[1.680s] copying arduinobot_py_examples/simple_publisher.py -> /home/joshua/arduinobot_ws/build/arduinobot_py_examples/build/lib/arduinobot_py_examples
[1.681s] running install
[1.681s] /usr/lib/python3/dist-packages/setuptools/command/install.py:34: SetuptoolsDeprecationWarning: setup.py install is deprecated. Use build and pip and other standards-based tools.
[1.681s]   warnings.warn(
[1.682s] running install_lib
[1.684s] running install_data
[1.684s] running install_egg_info
[1.686s] removing '/home/joshua/arduinobot_ws/install/arduinobot_py_examples/lib/python3.10/site-packages/arduinobot_py_examples-0.0.0-py3.10.egg-info' (and everything under it)
[1.687s] Copying ../../build/arduinobot_py_examples/arduinobot_py_examples.egg-info to /home/joshua/arduinobot_ws/install/arduinobot_py_examples/lib/python3.10/site-packages/arduinobot_py_examples-0.0.0-py3.10.egg-info
[1.688s] running install_scripts
[1.711s] Installing simple_parameter script to /home/joshua/arduinobot_ws/install/arduinobot_py_examples/lib/arduinobot_py_examples
[1.711s] Installing simple_publisher script to /home/joshua/arduinobot_ws/install/arduinobot_py_examples/lib/arduinobot_py_examples
[1.712s] Installing simple_subscriber script to /home/joshua/arduinobot_ws/install/arduinobot_py_examples/lib/arduinobot_py_examples
[1.712s] writing list of installed files to '/home/joshua/arduinobot_ws/build/arduinobot_py_examples/install.log'
[1.780s] Invoked command in '/home/joshua/arduinobot_ws/src/arduinobot_py_examples' returned '0': PYTHONPATH=/home/joshua/arduinobot_ws/build/arduinobot_py_examples/prefix_override:/home/joshua/arduinobot_ws/install/arduinobot_py_examples/lib/python3.10/site-packages:${PYTHONPATH} /usr/bin/python3 setup.py egg_info --egg-base ../../build/arduinobot_py_examples build --build-base /home/joshua/arduinobot_ws/build/arduinobot_py_examples/build install --record /home/joshua/arduinobot_ws/build/arduinobot_py_examples/install.log --single-version-externally-managed
