[0.058s] Invoking command in '/home/joshua/arduinobot_ws/build/arduinobot_description': CMAKE_PREFIX_PATH=/opt/ros/humble /usr/bin/cmake /home/joshua/arduinobot_ws/src/arduinobot_description -DCMAKE_INSTALL_PREFIX=/home/joshua/arduinobot_ws/install/arduinobot_description
[0.137s] -- The C compiler identification is GNU 11.4.0
[0.229s] -- The CXX compiler identification is GNU 11.4.0
[0.239s] -- Detecting C compiler ABI info
[0.373s] -- Detecting C compiler ABI info - done
[0.378s] -- Check for working C compiler: /usr/bin/cc - skipped
[0.378s] -- Detecting C compile features
[0.378s] -- Detecting C compile features - done
[0.378s] -- Detecting CXX compiler ABI info
[0.596s] -- Detecting CXX compiler ABI info - done
[0.602s] -- Check for working CXX compiler: /usr/bin/c++ - skipped
[0.603s] -- Detecting CXX compile features
[0.603s] -- Detecting CXX compile features - done
[0.609s] -- Found ament_cmake: 1.3.5 (/opt/ros/humble/share/ament_cmake/cmake)
[0.836s] -- Found Python3: /usr/bin/python3.10 (found version "3.10.12") found components: Interpreter 
[0.955s] -- Found ament_lint_auto: 0.12.8 (/opt/ros/humble/share/ament_lint_auto/cmake)
[1.068s] -- Added test 'lint_cmake' to check CMake code style
[1.074s] -- Added test 'xmllint' to check XML markup files
[1.076s] -- Configuring done
[1.083s] -- Generating done
[1.083s] -- Build files have been written to: /home/joshua/arduinobot_ws/build/arduinobot_description
[1.090s] Invoked command in '/home/joshua/arduinobot_ws/build/arduinobot_description' returned '0': CMAKE_PREFIX_PATH=/opt/ros/humble /usr/bin/cmake /home/joshua/arduinobot_ws/src/arduinobot_description -DCMAKE_INSTALL_PREFIX=/home/joshua/arduinobot_ws/install/arduinobot_description
[1.091s] Invoking command in '/home/joshua/arduinobot_ws/build/arduinobot_description': CMAKE_PREFIX_PATH=/opt/ros/humble /usr/bin/cmake --build /home/joshua/arduinobot_ws/build/arduinobot_description -- -j2 -l2
[1.164s] Invoked command in '/home/joshua/arduinobot_ws/build/arduinobot_description' returned '0': CMAKE_PREFIX_PATH=/opt/ros/humble /usr/bin/cmake --build /home/joshua/arduinobot_ws/build/arduinobot_description -- -j2 -l2
[1.212s] Invoking command in '/home/joshua/arduinobot_ws/build/arduinobot_description': CMAKE_PREFIX_PATH=/opt/ros/humble /usr/bin/cmake --install /home/joshua/arduinobot_ws/build/arduinobot_description
[1.254s] -- Install configuration: ""
[1.254s] -- Installing: /home/joshua/arduinobot_ws/install/arduinobot_description/share/ament_index/resource_index/package_run_dependencies/arduinobot_description
[1.254s] -- Installing: /home/joshua/arduinobot_ws/install/arduinobot_description/share/ament_index/resource_index/parent_prefix_path/arduinobot_description
[1.255s] -- Installing: /home/joshua/arduinobot_ws/install/arduinobot_description/share/arduinobot_description/environment/ament_prefix_path.sh
[1.255s] -- Installing: /home/joshua/arduinobot_ws/install/arduinobot_description/share/arduinobot_description/environment/ament_prefix_path.dsv
[1.258s] -- Installing: /home/joshua/arduinobot_ws/install/arduinobot_description/share/arduinobot_description/environment/path.sh
[1.258s] -- Installing: /home/joshua/arduinobot_ws/install/arduinobot_description/share/arduinobot_description/environment/path.dsv
[1.258s] -- Installing: /home/joshua/arduinobot_ws/install/arduinobot_description/share/arduinobot_description/local_setup.bash
[1.261s] -- Installing: /home/joshua/arduinobot_ws/install/arduinobot_description/share/arduinobot_description/local_setup.sh
[1.266s] -- Installing: /home/joshua/arduinobot_ws/install/arduinobot_description/share/arduinobot_description/local_setup.zsh
[1.266s] -- Installing: /home/joshua/arduinobot_ws/install/arduinobot_description/share/arduinobot_description/local_setup.dsv
[1.266s] -- Installing: /home/joshua/arduinobot_ws/install/arduinobot_description/share/arduinobot_description/package.dsv
[1.266s] -- Installing: /home/joshua/arduinobot_ws/install/arduinobot_description/share/ament_index/resource_index/packages/arduinobot_description
[1.272s] -- Installing: /home/joshua/arduinobot_ws/install/arduinobot_description/share/arduinobot_description/cmake/arduinobot_descriptionConfig.cmake
[1.272s] -- Installing: /home/joshua/arduinobot_ws/install/arduinobot_description/share/arduinobot_description/cmake/arduinobot_descriptionConfig-version.cmake
[1.272s] -- Installing: /home/joshua/arduinobot_ws/install/arduinobot_description/share/arduinobot_description/package.xml
[1.280s] Invoked command in '/home/joshua/arduinobot_ws/build/arduinobot_description' returned '0': CMAKE_PREFIX_PATH=/opt/ros/humble /usr/bin/cmake --install /home/joshua/arduinobot_ws/build/arduinobot_description
