[0.099s] Invoking command in '/home/joshua/arduinobot_ws/build/arduinobot_cpp_example': CMAKE_PREFIX_PATH=/opt/ros/humble /usr/bin/cmake --build /home/joshua/arduinobot_ws/build/arduinobot_cpp_example -- -j2 -l2
[0.223s] Invoked command in '/home/joshua/arduinobot_ws/build/arduinobot_cpp_example' returned '0': CMAKE_PREFIX_PATH=/opt/ros/humble /usr/bin/cmake --build /home/joshua/arduinobot_ws/build/arduinobot_cpp_example -- -j2 -l2
[0.306s] Invoking command in '/home/joshua/arduinobot_ws/build/arduinobot_cpp_example': CMAKE_PREFIX_PATH=/opt/ros/humble /usr/bin/cmake --install /home/joshua/arduinobot_ws/build/arduinobot_cpp_example
[0.341s] -- Install configuration: ""
[0.341s] -- Up-to-date: /home/joshua/arduinobot_ws/install/arduinobot_cpp_example/share/ament_index/resource_index/package_run_dependencies/arduinobot_cpp_example
[0.342s] -- Up-to-date: /home/joshua/arduinobot_ws/install/arduinobot_cpp_example/share/ament_index/resource_index/parent_prefix_path/arduinobot_cpp_example
[0.343s] -- Up-to-date: /home/joshua/arduinobot_ws/install/arduinobot_cpp_example/share/arduinobot_cpp_example/environment/ament_prefix_path.sh
[0.343s] -- Up-to-date: /home/joshua/arduinobot_ws/install/arduinobot_cpp_example/share/arduinobot_cpp_example/environment/ament_prefix_path.dsv
[0.344s] -- Up-to-date: /home/joshua/arduinobot_ws/install/arduinobot_cpp_example/share/arduinobot_cpp_example/environment/path.sh
[0.344s] -- Up-to-date: /home/joshua/arduinobot_ws/install/arduinobot_cpp_example/share/arduinobot_cpp_example/environment/path.dsv
[0.345s] -- Up-to-date: /home/joshua/arduinobot_ws/install/arduinobot_cpp_example/share/arduinobot_cpp_example/local_setup.bash
[0.345s] -- Up-to-date: /home/joshua/arduinobot_ws/install/arduinobot_cpp_example/share/arduinobot_cpp_example/local_setup.sh
[0.345s] -- Up-to-date: /home/joshua/arduinobot_ws/install/arduinobot_cpp_example/share/arduinobot_cpp_example/local_setup.zsh
[0.346s] -- Up-to-date: /home/joshua/arduinobot_ws/install/arduinobot_cpp_example/share/arduinobot_cpp_example/local_setup.dsv
[0.346s] -- Installing: /home/joshua/arduinobot_ws/install/arduinobot_cpp_example/share/arduinobot_cpp_example/package.dsv
[0.348s] -- Up-to-date: /home/joshua/arduinobot_ws/install/arduinobot_cpp_example/share/ament_index/resource_index/packages/arduinobot_cpp_example
[0.348s] -- Up-to-date: /home/joshua/arduinobot_ws/install/arduinobot_cpp_example/share/arduinobot_cpp_example/cmake/arduinobot_cpp_exampleConfig.cmake
[0.349s] -- Up-to-date: /home/joshua/arduinobot_ws/install/arduinobot_cpp_example/share/arduinobot_cpp_example/cmake/arduinobot_cpp_exampleConfig-version.cmake
[0.350s] -- Up-to-date: /home/joshua/arduinobot_ws/install/arduinobot_cpp_example/share/arduinobot_cpp_example/package.xml
[0.397s] Invoked command in '/home/joshua/arduinobot_ws/build/arduinobot_cpp_example' returned '0': CMAKE_PREFIX_PATH=/opt/ros/humble /usr/bin/cmake --install /home/joshua/arduinobot_ws/build/arduinobot_cpp_example
