[0.706s] DEBUG:colcon:Command line arguments: ['/usr/bin/colcon', 'build']
[0.706s] DEBUG:colcon:Parsed command line arguments: Namespace(log_base=None, log_level=None, verb_name='build', build_base='build', install_base='install', merge_install=False, symlink_install=False, test_result_base=None, continue_on_error=False, executor='parallel', parallel_workers=2, event_handlers=None, ignore_user_meta=False, metas=['./colcon.meta'], base_paths=['.'], packages_ignore=None, packages_ignore_regex=None, paths=None, packages_up_to=None, packages_up_to_regex=None, packages_above=None, packages_above_and_dependencies=None, packages_above_depth=None, packages_select_by_dep=None, packages_skip_by_dep=None, packages_skip_up_to=None, packages_select_build_failed=False, packages_skip_build_finished=False, packages_select_test_failures=False, packages_skip_test_passed=False, packages_select=None, packages_skip=None, packages_select_regex=None, packages_skip_regex=None, packages_start=None, packages_end=None, allow_overriding=[], cmake_args=None, cmake_target=None, cmake_target_skip_unavailable=False, cmake_clean_cache=False, cmake_clean_first=False, cmake_force_configure=False, ament_cmake_args=None, catkin_cmake_args=None, catkin_skip_building_tests=False, verb_parser=<colcon_defaults.argument_parser.defaults.DefaultArgumentsDecorator object at 0x7f8c2a275360>, verb_extension=<colcon_core.verb.build.BuildVerb object at 0x7f8c2a276a10>, main=<bound method BuildVerb.main of <colcon_core.verb.build.BuildVerb object at 0x7f8c2a276a10>>)
[0.741s] Level 1:colcon.colcon_core.package_discovery:discover_packages(colcon_meta) check parameters
[0.741s] Level 1:colcon.colcon_core.package_discovery:discover_packages(recursive) check parameters
[0.741s] Level 1:colcon.colcon_core.package_discovery:discover_packages(ignore) check parameters
[0.741s] Level 1:colcon.colcon_core.package_discovery:discover_packages(path) check parameters
[0.741s] Level 1:colcon.colcon_core.package_discovery:discover_packages(colcon_meta) discover
[0.741s] Level 1:colcon.colcon_core.package_discovery:discover_packages(recursive) discover
[0.741s] INFO:colcon.colcon_core.package_discovery:Crawling recursively for packages in '/home/joshua/arduinobot_ws'
[0.741s] Level 1:colcon.colcon_core.package_identification:_identify(.) by extensions ['ignore', 'ignore_ament_install']
[0.741s] Level 1:colcon.colcon_core.package_identification:_identify(.) by extension 'ignore'
[0.741s] Level 1:colcon.colcon_core.package_identification:_identify(.) by extension 'ignore_ament_install'
[0.741s] Level 1:colcon.colcon_core.package_identification:_identify(.) by extensions ['colcon_pkg']
[0.741s] Level 1:colcon.colcon_core.package_identification:_identify(.) by extension 'colcon_pkg'
[0.741s] Level 1:colcon.colcon_core.package_identification:_identify(.) by extensions ['colcon_meta']
[0.741s] Level 1:colcon.colcon_core.package_identification:_identify(.) by extension 'colcon_meta'
[0.742s] Level 1:colcon.colcon_core.package_identification:_identify(.) by extensions ['ros']
[0.742s] Level 1:colcon.colcon_core.package_identification:_identify(.) by extension 'ros'
[0.749s] Level 1:colcon.colcon_core.package_identification:_identify(.) by extensions ['cmake', 'python']
[0.749s] Level 1:colcon.colcon_core.package_identification:_identify(.) by extension 'cmake'
[0.750s] Level 1:colcon.colcon_core.package_identification:_identify(.) by extension 'python'
[0.750s] Level 1:colcon.colcon_core.package_identification:_identify(.) by extensions ['python_setup_py']
[0.750s] Level 1:colcon.colcon_core.package_identification:_identify(.) by extension 'python_setup_py'
[0.750s] Level 1:colcon.colcon_core.package_identification:_identify(build) by extensions ['ignore', 'ignore_ament_install']
[0.750s] Level 1:colcon.colcon_core.package_identification:_identify(build) by extension 'ignore'
[0.750s] Level 1:colcon.colcon_core.package_identification:_identify(build) ignored
[0.750s] Level 1:colcon.colcon_core.package_identification:_identify(install) by extensions ['ignore', 'ignore_ament_install']
[0.750s] Level 1:colcon.colcon_core.package_identification:_identify(install) by extension 'ignore'
[0.750s] Level 1:colcon.colcon_core.package_identification:_identify(install) ignored
[0.750s] Level 1:colcon.colcon_core.package_identification:_identify(log) by extensions ['ignore', 'ignore_ament_install']
[0.750s] Level 1:colcon.colcon_core.package_identification:_identify(log) by extension 'ignore'
[0.750s] Level 1:colcon.colcon_core.package_identification:_identify(log) ignored
[0.750s] Level 1:colcon.colcon_core.package_identification:_identify(src) by extensions ['ignore', 'ignore_ament_install']
[0.750s] Level 1:colcon.colcon_core.package_identification:_identify(src) by extension 'ignore'
[0.750s] Level 1:colcon.colcon_core.package_identification:_identify(src) by extension 'ignore_ament_install'
[0.750s] Level 1:colcon.colcon_core.package_identification:_identify(src) by extensions ['colcon_pkg']
[0.750s] Level 1:colcon.colcon_core.package_identification:_identify(src) by extension 'colcon_pkg'
[0.751s] Level 1:colcon.colcon_core.package_identification:_identify(src) by extensions ['colcon_meta']
[0.751s] Level 1:colcon.colcon_core.package_identification:_identify(src) by extension 'colcon_meta'
[0.751s] Level 1:colcon.colcon_core.package_identification:_identify(src) by extensions ['ros']
[0.751s] Level 1:colcon.colcon_core.package_identification:_identify(src) by extension 'ros'
[0.751s] Level 1:colcon.colcon_core.package_identification:_identify(src) by extensions ['cmake', 'python']
[0.751s] Level 1:colcon.colcon_core.package_identification:_identify(src) by extension 'cmake'
[0.751s] Level 1:colcon.colcon_core.package_identification:_identify(src) by extension 'python'
[0.751s] Level 1:colcon.colcon_core.package_identification:_identify(src) by extensions ['python_setup_py']
[0.751s] Level 1:colcon.colcon_core.package_identification:_identify(src) by extension 'python_setup_py'
[0.751s] Level 1:colcon.colcon_core.package_identification:_identify(src/arduinobot_cpp_example) by extensions ['ignore', 'ignore_ament_install']
[0.751s] Level 1:colcon.colcon_core.package_identification:_identify(src/arduinobot_cpp_example) by extension 'ignore'
[0.751s] Level 1:colcon.colcon_core.package_identification:_identify(src/arduinobot_cpp_example) by extension 'ignore_ament_install'
[0.751s] Level 1:colcon.colcon_core.package_identification:_identify(src/arduinobot_cpp_example) by extensions ['colcon_pkg']
[0.751s] Level 1:colcon.colcon_core.package_identification:_identify(src/arduinobot_cpp_example) by extension 'colcon_pkg'
[0.751s] Level 1:colcon.colcon_core.package_identification:_identify(src/arduinobot_cpp_example) by extensions ['colcon_meta']
[0.751s] Level 1:colcon.colcon_core.package_identification:_identify(src/arduinobot_cpp_example) by extension 'colcon_meta'
[0.751s] Level 1:colcon.colcon_core.package_identification:_identify(src/arduinobot_cpp_example) by extensions ['ros']
[0.751s] Level 1:colcon.colcon_core.package_identification:_identify(src/arduinobot_cpp_example) by extension 'ros'
[0.761s] DEBUG:colcon.colcon_core.package_identification:Package 'src/arduinobot_cpp_example' with type 'ros.ament_cmake' and name 'arduinobot_cpp_example'
[0.761s] Level 1:colcon.colcon_core.package_identification:_identify(src/arduinobot_py_examples) by extensions ['ignore', 'ignore_ament_install']
[0.761s] Level 1:colcon.colcon_core.package_identification:_identify(src/arduinobot_py_examples) by extension 'ignore'
[0.761s] Level 1:colcon.colcon_core.package_identification:_identify(src/arduinobot_py_examples) by extension 'ignore_ament_install'
[0.761s] Level 1:colcon.colcon_core.package_identification:_identify(src/arduinobot_py_examples) by extensions ['colcon_pkg']
[0.761s] Level 1:colcon.colcon_core.package_identification:_identify(src/arduinobot_py_examples) by extension 'colcon_pkg'
[0.761s] Level 1:colcon.colcon_core.package_identification:_identify(src/arduinobot_py_examples) by extensions ['colcon_meta']
[0.761s] Level 1:colcon.colcon_core.package_identification:_identify(src/arduinobot_py_examples) by extension 'colcon_meta'
[0.762s] Level 1:colcon.colcon_core.package_identification:_identify(src/arduinobot_py_examples) by extensions ['ros']
[0.762s] Level 1:colcon.colcon_core.package_identification:_identify(src/arduinobot_py_examples) by extension 'ros'
[0.762s] DEBUG:colcon.colcon_core.package_identification:Package 'src/arduinobot_py_examples' with type 'ros.ament_python' and name 'arduinobot_py_examples'
[0.762s] Level 1:colcon.colcon_core.package_discovery:discover_packages(recursive) using defaults
[0.762s] Level 1:colcon.colcon_core.package_discovery:discover_packages(ignore) discover
[0.762s] Level 1:colcon.colcon_core.package_discovery:discover_packages(ignore) using defaults
[0.762s] Level 1:colcon.colcon_core.package_discovery:discover_packages(path) discover
[0.762s] Level 1:colcon.colcon_core.package_discovery:discover_packages(path) using defaults
[0.828s] Level 1:colcon.colcon_core.package_discovery:discover_packages(prefix_path) check parameters
[0.828s] Level 1:colcon.colcon_core.package_discovery:discover_packages(prefix_path) discover
[0.850s] DEBUG:colcon.colcon_installed_package_information.package_discovery:Found 353 installed packages in /opt/ros/humble
[0.852s] Level 1:colcon.colcon_core.package_discovery:discover_packages(prefix_path) using defaults
[0.927s] Level 5:colcon.colcon_core.verb:set package 'arduinobot_cpp_example' build argument 'cmake_args' from command line to 'None'
[0.927s] Level 5:colcon.colcon_core.verb:set package 'arduinobot_cpp_example' build argument 'cmake_target' from command line to 'None'
[0.927s] Level 5:colcon.colcon_core.verb:set package 'arduinobot_cpp_example' build argument 'cmake_target_skip_unavailable' from command line to 'False'
[0.927s] Level 5:colcon.colcon_core.verb:set package 'arduinobot_cpp_example' build argument 'cmake_clean_cache' from command line to 'False'
[0.927s] Level 5:colcon.colcon_core.verb:set package 'arduinobot_cpp_example' build argument 'cmake_clean_first' from command line to 'False'
[0.927s] Level 5:colcon.colcon_core.verb:set package 'arduinobot_cpp_example' build argument 'cmake_force_configure' from command line to 'False'
[0.927s] Level 5:colcon.colcon_core.verb:set package 'arduinobot_cpp_example' build argument 'ament_cmake_args' from command line to 'None'
[0.927s] Level 5:colcon.colcon_core.verb:set package 'arduinobot_cpp_example' build argument 'catkin_cmake_args' from command line to 'None'
[0.927s] Level 5:colcon.colcon_core.verb:set package 'arduinobot_cpp_example' build argument 'catkin_skip_building_tests' from command line to 'False'
[0.927s] DEBUG:colcon.colcon_core.verb:Building package 'arduinobot_cpp_example' with the following arguments: {'ament_cmake_args': None, 'build_base': '/home/joshua/arduinobot_ws/build/arduinobot_cpp_example', 'catkin_cmake_args': None, 'catkin_skip_building_tests': False, 'cmake_args': None, 'cmake_clean_cache': False, 'cmake_clean_first': False, 'cmake_force_configure': False, 'cmake_target': None, 'cmake_target_skip_unavailable': False, 'install_base': '/home/joshua/arduinobot_ws/install/arduinobot_cpp_example', 'merge_install': False, 'path': '/home/joshua/arduinobot_ws/src/arduinobot_cpp_example', 'symlink_install': False, 'test_result_base': None}
[0.938s] Level 5:colcon.colcon_core.verb:set package 'arduinobot_py_examples' build argument 'cmake_args' from command line to 'None'
[0.938s] Level 5:colcon.colcon_core.verb:set package 'arduinobot_py_examples' build argument 'cmake_target' from command line to 'None'
[0.938s] Level 5:colcon.colcon_core.verb:set package 'arduinobot_py_examples' build argument 'cmake_target_skip_unavailable' from command line to 'False'
[0.938s] Level 5:colcon.colcon_core.verb:set package 'arduinobot_py_examples' build argument 'cmake_clean_cache' from command line to 'False'
[0.938s] Level 5:colcon.colcon_core.verb:set package 'arduinobot_py_examples' build argument 'cmake_clean_first' from command line to 'False'
[0.938s] Level 5:colcon.colcon_core.verb:set package 'arduinobot_py_examples' build argument 'cmake_force_configure' from command line to 'False'
[0.938s] Level 5:colcon.colcon_core.verb:set package 'arduinobot_py_examples' build argument 'ament_cmake_args' from command line to 'None'
[0.938s] Level 5:colcon.colcon_core.verb:set package 'arduinobot_py_examples' build argument 'catkin_cmake_args' from command line to 'None'
[0.938s] Level 5:colcon.colcon_core.verb:set package 'arduinobot_py_examples' build argument 'catkin_skip_building_tests' from command line to 'False'
[0.938s] DEBUG:colcon.colcon_core.verb:Building package 'arduinobot_py_examples' with the following arguments: {'ament_cmake_args': None, 'build_base': '/home/joshua/arduinobot_ws/build/arduinobot_py_examples', 'catkin_cmake_args': None, 'catkin_skip_building_tests': False, 'cmake_args': None, 'cmake_clean_cache': False, 'cmake_clean_first': False, 'cmake_force_configure': False, 'cmake_target': None, 'cmake_target_skip_unavailable': False, 'install_base': '/home/joshua/arduinobot_ws/install/arduinobot_py_examples', 'merge_install': False, 'path': '/home/joshua/arduinobot_ws/src/arduinobot_py_examples', 'symlink_install': False, 'test_result_base': None}
[0.948s] INFO:colcon.colcon_core.executor:Executing jobs using 'parallel' executor
[0.958s] DEBUG:colcon.colcon_parallel_executor.executor.parallel:run_until_complete
[0.959s] INFO:colcon.colcon_ros.task.ament_cmake.build:Building ROS package in '/home/joshua/arduinobot_ws/src/arduinobot_cpp_example' with build type 'ament_cmake'
[0.959s] INFO:colcon.colcon_cmake.task.cmake.build:Building CMake package in '/home/joshua/arduinobot_ws/src/arduinobot_cpp_example'
[0.971s] INFO:colcon.colcon_core.plugin_system:Skipping extension 'colcon_core.shell.bat': Not used on non-Windows systems
[0.971s] INFO:colcon.colcon_core.shell:Skip shell extension 'powershell' for command environment: Not usable outside of PowerShell
[0.971s] DEBUG:colcon.colcon_core.shell:Skip shell extension 'dsv' for command environment
[0.995s] INFO:colcon.colcon_ros.task.ament_python.build:Building ROS package in '/home/joshua/arduinobot_ws/src/arduinobot_py_examples' with build type 'ament_python'
[0.995s] Level 1:colcon.colcon_core.shell:create_environment_hook('arduinobot_py_examples', 'ament_prefix_path')
[1.007s] INFO:colcon.colcon_core.shell:Creating environment hook '/home/joshua/arduinobot_ws/install/arduinobot_py_examples/share/arduinobot_py_examples/hook/ament_prefix_path.ps1'
[1.008s] INFO:colcon.colcon_core.shell:Creating environment descriptor '/home/joshua/arduinobot_ws/install/arduinobot_py_examples/share/arduinobot_py_examples/hook/ament_prefix_path.dsv'
[1.008s] INFO:colcon.colcon_core.shell:Creating environment hook '/home/joshua/arduinobot_ws/install/arduinobot_py_examples/share/arduinobot_py_examples/hook/ament_prefix_path.sh'
[1.021s] INFO:colcon.colcon_core.shell:Skip shell extension 'powershell' for command environment: Not usable outside of PowerShell
[1.021s] DEBUG:colcon.colcon_core.shell:Skip shell extension 'dsv' for command environment
[1.047s] DEBUG:colcon.colcon_core.event_handler.log_command:Invoking command in '/home/joshua/arduinobot_ws/build/arduinobot_cpp_example': CMAKE_PREFIX_PATH=/opt/ros/humble /usr/bin/cmake /home/joshua/arduinobot_ws/src/arduinobot_cpp_example -DCMAKE_INSTALL_PREFIX=/home/joshua/arduinobot_ws/install/arduinobot_cpp_example
[1.296s] INFO:colcon.colcon_core.task.python.build:Building Python package in '/home/joshua/arduinobot_ws/src/arduinobot_py_examples'
[1.310s] INFO:colcon.colcon_core.shell:Skip shell extension 'powershell' for command environment: Not usable outside of PowerShell
[1.310s] DEBUG:colcon.colcon_core.shell:Skip shell extension 'dsv' for command environment
[1.892s] DEBUG:colcon.colcon_core.event_handler.log_command:Invoking command in '/home/joshua/arduinobot_ws/src/arduinobot_py_examples': PYTHONPATH=/home/joshua/arduinobot_ws/build/arduinobot_py_examples/prefix_override:/home/joshua/arduinobot_ws/install/arduinobot_py_examples/lib/python3.10/site-packages:${PYTHONPATH} /usr/bin/python3 setup.py egg_info --egg-base ../../build/arduinobot_py_examples build --build-base /home/joshua/arduinobot_ws/build/arduinobot_py_examples/build install --record /home/joshua/arduinobot_ws/build/arduinobot_py_examples/install.log --single-version-externally-managed
[2.109s] DEBUG:colcon.colcon_core.event_handler.log_command:Invoked command in '/home/joshua/arduinobot_ws/build/arduinobot_cpp_example' returned '0': CMAKE_PREFIX_PATH=/opt/ros/humble /usr/bin/cmake /home/joshua/arduinobot_ws/src/arduinobot_cpp_example -DCMAKE_INSTALL_PREFIX=/home/joshua/arduinobot_ws/install/arduinobot_cpp_example
[2.109s] DEBUG:colcon.colcon_core.event_handler.log_command:Invoking command in '/home/joshua/arduinobot_ws/build/arduinobot_cpp_example': CMAKE_PREFIX_PATH=/opt/ros/humble /usr/bin/cmake --build /home/joshua/arduinobot_ws/build/arduinobot_cpp_example -- -j2 -l2
[2.155s] DEBUG:colcon.colcon_core.event_handler.log_command:Invoked command in '/home/joshua/arduinobot_ws/src/arduinobot_py_examples' returned '0': PYTHONPATH=/home/joshua/arduinobot_ws/build/arduinobot_py_examples/prefix_override:/home/joshua/arduinobot_ws/install/arduinobot_py_examples/lib/python3.10/site-packages:${PYTHONPATH} /usr/bin/python3 setup.py egg_info --egg-base ../../build/arduinobot_py_examples build --build-base /home/joshua/arduinobot_ws/build/arduinobot_py_examples/build install --record /home/joshua/arduinobot_ws/build/arduinobot_py_examples/install.log --single-version-externally-managed
[2.159s] Level 1:colcon.colcon_core.environment:checking '/home/joshua/arduinobot_ws/install/arduinobot_py_examples' for CMake module files
[2.159s] Level 1:colcon.colcon_core.environment:checking '/home/joshua/arduinobot_ws/install/arduinobot_py_examples' for CMake config files
[2.160s] Level 1:colcon.colcon_core.environment:checking '/home/joshua/arduinobot_ws/install/arduinobot_py_examples/lib'
[2.160s] Level 1:colcon.colcon_core.environment:checking '/home/joshua/arduinobot_ws/install/arduinobot_py_examples/bin'
[2.160s] Level 1:colcon.colcon_core.environment:checking '/home/joshua/arduinobot_ws/install/arduinobot_py_examples/lib/pkgconfig/arduinobot_py_examples.pc'
[2.160s] Level 1:colcon.colcon_core.environment:checking '/home/joshua/arduinobot_ws/install/arduinobot_py_examples/lib/python3.10/site-packages'
[2.160s] Level 1:colcon.colcon_core.shell:create_environment_hook('arduinobot_py_examples', 'pythonpath')
[2.182s] INFO:colcon.colcon_core.shell:Creating environment hook '/home/joshua/arduinobot_ws/install/arduinobot_py_examples/share/arduinobot_py_examples/hook/pythonpath.ps1'
[2.182s] INFO:colcon.colcon_core.shell:Creating environment descriptor '/home/joshua/arduinobot_ws/install/arduinobot_py_examples/share/arduinobot_py_examples/hook/pythonpath.dsv'
[2.182s] INFO:colcon.colcon_core.shell:Creating environment hook '/home/joshua/arduinobot_ws/install/arduinobot_py_examples/share/arduinobot_py_examples/hook/pythonpath.sh'
[2.183s] Level 1:colcon.colcon_core.environment:checking '/home/joshua/arduinobot_ws/install/arduinobot_py_examples/bin'
[2.183s] Level 1:colcon.colcon_core.environment:create_environment_scripts_only(arduinobot_py_examples)
[2.194s] INFO:colcon.colcon_core.shell:Creating package script '/home/joshua/arduinobot_ws/install/arduinobot_py_examples/share/arduinobot_py_examples/package.ps1'
[2.195s] INFO:colcon.colcon_core.shell:Creating package descriptor '/home/joshua/arduinobot_ws/install/arduinobot_py_examples/share/arduinobot_py_examples/package.dsv'
[2.196s] INFO:colcon.colcon_core.shell:Creating package script '/home/joshua/arduinobot_ws/install/arduinobot_py_examples/share/arduinobot_py_examples/package.sh'
[2.196s] INFO:colcon.colcon_core.shell:Creating package script '/home/joshua/arduinobot_ws/install/arduinobot_py_examples/share/arduinobot_py_examples/package.bash'
[2.196s] INFO:colcon.colcon_core.shell:Creating package script '/home/joshua/arduinobot_ws/install/arduinobot_py_examples/share/arduinobot_py_examples/package.zsh'
[2.197s] Level 1:colcon.colcon_core.environment:create_file_with_runtime_dependencies(/home/joshua/arduinobot_ws/install/arduinobot_py_examples/share/colcon-core/packages/arduinobot_py_examples)
[2.200s] DEBUG:colcon.colcon_core.event_handler.log_command:Invoked command in '/home/joshua/arduinobot_ws/build/arduinobot_cpp_example' returned '0': CMAKE_PREFIX_PATH=/opt/ros/humble /usr/bin/cmake --build /home/joshua/arduinobot_ws/build/arduinobot_cpp_example -- -j2 -l2
[2.241s] DEBUG:colcon.colcon_core.event_handler.log_command:Invoking command in '/home/joshua/arduinobot_ws/build/arduinobot_cpp_example': CMAKE_PREFIX_PATH=/opt/ros/humble /usr/bin/cmake --install /home/joshua/arduinobot_ws/build/arduinobot_cpp_example
[2.255s] Level 1:colcon.colcon_core.environment:create_environment_scripts_only(arduinobot_cpp_example)
[2.260s] DEBUG:colcon.colcon_core.event_handler.log_command:Invoked command in '/home/joshua/arduinobot_ws/build/arduinobot_cpp_example' returned '0': CMAKE_PREFIX_PATH=/opt/ros/humble /usr/bin/cmake --install /home/joshua/arduinobot_ws/build/arduinobot_cpp_example
[2.267s] Level 1:colcon.colcon_core.environment:checking '/home/joshua/arduinobot_ws/install/arduinobot_cpp_example' for CMake module files
[2.268s] Level 1:colcon.colcon_core.environment:checking '/home/joshua/arduinobot_ws/install/arduinobot_cpp_example' for CMake config files
[2.268s] Level 1:colcon.colcon_core.shell:create_environment_hook('arduinobot_cpp_example', 'cmake_prefix_path')
[2.279s] INFO:colcon.colcon_core.shell:Creating environment hook '/home/joshua/arduinobot_ws/install/arduinobot_cpp_example/share/arduinobot_cpp_example/hook/cmake_prefix_path.ps1'
[2.280s] INFO:colcon.colcon_core.shell:Creating environment descriptor '/home/joshua/arduinobot_ws/install/arduinobot_cpp_example/share/arduinobot_cpp_example/hook/cmake_prefix_path.dsv'
[2.280s] INFO:colcon.colcon_core.shell:Creating environment hook '/home/joshua/arduinobot_ws/install/arduinobot_cpp_example/share/arduinobot_cpp_example/hook/cmake_prefix_path.sh'
[2.281s] Level 1:colcon.colcon_core.environment:checking '/home/joshua/arduinobot_ws/install/arduinobot_cpp_example/bin'
[2.281s] Level 1:colcon.colcon_core.environment:checking '/home/joshua/arduinobot_ws/install/arduinobot_cpp_example/lib/pkgconfig/arduinobot_cpp_example.pc'
[2.281s] Level 1:colcon.colcon_core.environment:checking '/home/joshua/arduinobot_ws/install/arduinobot_cpp_example/lib/python3.10/site-packages'
[2.282s] Level 1:colcon.colcon_core.environment:checking '/home/joshua/arduinobot_ws/install/arduinobot_cpp_example/bin'
[2.295s] INFO:colcon.colcon_core.shell:Creating package script '/home/joshua/arduinobot_ws/install/arduinobot_cpp_example/share/arduinobot_cpp_example/package.ps1'
[2.295s] INFO:colcon.colcon_core.shell:Creating package descriptor '/home/joshua/arduinobot_ws/install/arduinobot_cpp_example/share/arduinobot_cpp_example/package.dsv'
[2.296s] INFO:colcon.colcon_core.shell:Creating package script '/home/joshua/arduinobot_ws/install/arduinobot_cpp_example/share/arduinobot_cpp_example/package.sh'
[2.296s] INFO:colcon.colcon_core.shell:Creating package script '/home/joshua/arduinobot_ws/install/arduinobot_cpp_example/share/arduinobot_cpp_example/package.bash'
[2.296s] INFO:colcon.colcon_core.shell:Creating package script '/home/joshua/arduinobot_ws/install/arduinobot_cpp_example/share/arduinobot_cpp_example/package.zsh'
[2.296s] Level 1:colcon.colcon_core.environment:create_file_with_runtime_dependencies(/home/joshua/arduinobot_ws/install/arduinobot_cpp_example/share/colcon-core/packages/arduinobot_cpp_example)
[2.336s] Level 1:colcon.colcon_core.environment:create_environment_scripts_only(arduinobot_cpp_example)
[2.346s] Level 1:colcon.colcon_core.environment:checking '/home/joshua/arduinobot_ws/install/arduinobot_cpp_example' for CMake module files
[2.346s] Level 1:colcon.colcon_core.environment:checking '/home/joshua/arduinobot_ws/install/arduinobot_cpp_example' for CMake config files
[2.346s] Level 1:colcon.colcon_core.shell:create_environment_hook('arduinobot_cpp_example', 'cmake_prefix_path')
[2.356s] INFO:colcon.colcon_core.shell:Creating environment hook '/home/joshua/arduinobot_ws/install/arduinobot_cpp_example/share/arduinobot_cpp_example/hook/cmake_prefix_path.ps1'
[2.357s] INFO:colcon.colcon_core.shell:Creating environment descriptor '/home/joshua/arduinobot_ws/install/arduinobot_cpp_example/share/arduinobot_cpp_example/hook/cmake_prefix_path.dsv'
[2.357s] INFO:colcon.colcon_core.shell:Creating environment hook '/home/joshua/arduinobot_ws/install/arduinobot_cpp_example/share/arduinobot_cpp_example/hook/cmake_prefix_path.sh'
[2.358s] Level 1:colcon.colcon_core.environment:checking '/home/joshua/arduinobot_ws/install/arduinobot_cpp_example/bin'
[2.358s] Level 1:colcon.colcon_core.environment:checking '/home/joshua/arduinobot_ws/install/arduinobot_cpp_example/lib/pkgconfig/arduinobot_cpp_example.pc'
[2.358s] Level 1:colcon.colcon_core.environment:checking '/home/joshua/arduinobot_ws/install/arduinobot_cpp_example/lib/python3.10/site-packages'
[2.358s] Level 1:colcon.colcon_core.environment:checking '/home/joshua/arduinobot_ws/install/arduinobot_cpp_example/bin'
[2.370s] INFO:colcon.colcon_core.shell:Creating package script '/home/joshua/arduinobot_ws/install/arduinobot_cpp_example/share/arduinobot_cpp_example/package.ps1'
[2.370s] INFO:colcon.colcon_core.shell:Creating package descriptor '/home/joshua/arduinobot_ws/install/arduinobot_cpp_example/share/arduinobot_cpp_example/package.dsv'
[2.371s] INFO:colcon.colcon_core.shell:Creating package script '/home/joshua/arduinobot_ws/install/arduinobot_cpp_example/share/arduinobot_cpp_example/package.sh'
[2.372s] INFO:colcon.colcon_core.shell:Creating package script '/home/joshua/arduinobot_ws/install/arduinobot_cpp_example/share/arduinobot_cpp_example/package.bash'
[2.372s] INFO:colcon.colcon_core.shell:Creating package script '/home/joshua/arduinobot_ws/install/arduinobot_cpp_example/share/arduinobot_cpp_example/package.zsh'
[2.373s] Level 1:colcon.colcon_core.environment:create_file_with_runtime_dependencies(/home/joshua/arduinobot_ws/install/arduinobot_cpp_example/share/colcon-core/packages/arduinobot_cpp_example)
[2.373s] DEBUG:colcon.colcon_parallel_executor.executor.parallel:closing loop
[2.373s] DEBUG:colcon.colcon_parallel_executor.executor.parallel:loop closed
[2.373s] DEBUG:colcon.colcon_parallel_executor.executor.parallel:run_until_complete finished with '0'
[2.374s] DEBUG:colcon.colcon_core.event_reactor:joining thread
[2.391s] INFO:colcon.colcon_core.plugin_system:Skipping extension 'colcon_notification.desktop_notification.terminal_notifier': Not used on non-Darwin systems
[2.391s] INFO:colcon.colcon_core.plugin_system:Skipping extension 'colcon_notification.desktop_notification.win32': Not used on non-Windows systems
[2.391s] INFO:colcon.colcon_notification.desktop_notification:Sending desktop notification using 'notify2'
[2.412s] DEBUG:colcon.colcon_core.event_reactor:joined thread
[2.430s] INFO:colcon.colcon_core.shell:Creating prefix script '/home/joshua/arduinobot_ws/install/local_setup.ps1'
[2.432s] INFO:colcon.colcon_core.shell:Creating prefix util module '/home/joshua/arduinobot_ws/install/_local_setup_util_ps1.py'
[2.433s] INFO:colcon.colcon_core.shell:Creating prefix chain script '/home/joshua/arduinobot_ws/install/setup.ps1'
[2.449s] INFO:colcon.colcon_core.shell:Creating prefix script '/home/joshua/arduinobot_ws/install/local_setup.sh'
[2.450s] INFO:colcon.colcon_core.shell:Creating prefix util module '/home/joshua/arduinobot_ws/install/_local_setup_util_sh.py'
[2.451s] INFO:colcon.colcon_core.shell:Creating prefix chain script '/home/joshua/arduinobot_ws/install/setup.sh'
[2.463s] INFO:colcon.colcon_core.shell:Creating prefix script '/home/joshua/arduinobot_ws/install/local_setup.bash'
[2.464s] INFO:colcon.colcon_core.shell:Creating prefix chain script '/home/joshua/arduinobot_ws/install/setup.bash'
[2.476s] INFO:colcon.colcon_core.shell:Creating prefix script '/home/joshua/arduinobot_ws/install/local_setup.zsh'
[2.476s] INFO:colcon.colcon_core.shell:Creating prefix chain script '/home/joshua/arduinobot_ws/install/setup.zsh'
