[0.759s] Invoking command in '/home/joshua/arduinobot_ws/src/arduinobot_py_examples': PYTHONPATH=/home/joshua/arduinobot_ws/build/arduinobot_py_examples/prefix_override:/home/joshua/arduinobot_ws/install/arduinobot_py_examples/lib/python3.10/site-packages:${PYTHONPATH} /usr/bin/python3 setup.py egg_info --egg-base ../../build/arduinobot_py_examples build --build-base /home/joshua/arduinobot_ws/build/arduinobot_py_examples/build install --record /home/joshua/arduinobot_ws/build/arduinobot_py_examples/install.log --single-version-externally-managed
[0.938s] running egg_info
[0.939s] writing ../../build/arduinobot_py_examples/arduinobot_py_examples.egg-info/PKG-INFO
[0.940s] writing dependency_links to ../../build/arduinobot_py_examples/arduinobot_py_examples.egg-info/dependency_links.txt
[0.940s] writing entry points to ../../build/arduinobot_py_examples/arduinobot_py_examples.egg-info/entry_points.txt
[0.940s] writing requirements to ../../build/arduinobot_py_examples/arduinobot_py_examples.egg-info/requires.txt
[0.940s] writing top-level names to ../../build/arduinobot_py_examples/arduinobot_py_examples.egg-info/top_level.txt
[0.941s] reading manifest file '../../build/arduinobot_py_examples/arduinobot_py_examples.egg-info/SOURCES.txt'
[0.942s] writing manifest file '../../build/arduinobot_py_examples/arduinobot_py_examples.egg-info/SOURCES.txt'
[0.942s] running build
[0.942s] running build_py
[0.943s] running install
[0.943s] /usr/lib/python3/dist-packages/setuptools/command/install.py:34: SetuptoolsDeprecationWarning: setup.py install is deprecated. Use build and pip and other standards-based tools.
[0.943s]   warnings.warn(
[0.943s] running install_lib
[0.944s] running install_data
[0.944s] running install_egg_info
[0.945s] removing '/home/joshua/arduinobot_ws/install/arduinobot_py_examples/lib/python3.10/site-packages/arduinobot_py_examples-0.0.0-py3.10.egg-info' (and everything under it)
[0.954s] Copying ../../build/arduinobot_py_examples/arduinobot_py_examples.egg-info to /home/joshua/arduinobot_ws/install/arduinobot_py_examples/lib/python3.10/site-packages/arduinobot_py_examples-0.0.0-py3.10.egg-info
[0.954s] running install_scripts
[0.969s] Installing simple_publisher script to /home/joshua/arduinobot_ws/install/arduinobot_py_examples/lib/arduinobot_py_examples
[0.970s] Installing simple_subscriber script to /home/joshua/arduinobot_ws/install/arduinobot_py_examples/lib/arduinobot_py_examples
[0.970s] writing list of installed files to '/home/joshua/arduinobot_ws/build/arduinobot_py_examples/install.log'
[0.991s] Invoked command in '/home/joshua/arduinobot_ws/src/arduinobot_py_examples' returned '0': PYTHONPATH=/home/joshua/arduinobot_ws/build/arduinobot_py_examples/prefix_override:/home/joshua/arduinobot_ws/install/arduinobot_py_examples/lib/python3.10/site-packages:${PYTHONPATH} /usr/bin/python3 setup.py egg_info --egg-base ../../build/arduinobot_py_examples build --build-base /home/joshua/arduinobot_ws/build/arduinobot_py_examples/build install --record /home/joshua/arduinobot_ws/build/arduinobot_py_examples/install.log --single-version-externally-managed
