[0.731s] Invoking command in '/home/joshua/arduinobot_ws/src/arduinobot_py_examples': PYTHONPATH=/home/joshua/arduinobot_ws/build/arduinobot_py_examples/prefix_override:/home/joshua/arduinobot_ws/install/arduinobot_py_examples/lib/python3.10/site-packages:${PYTHONPATH} /usr/bin/python3 setup.py egg_info --egg-base ../../build/arduinobot_py_examples build --build-base /home/joshua/arduinobot_ws/build/arduinobot_py_examples/build install --record /home/joshua/arduinobot_ws/build/arduinobot_py_examples/install.log --single-version-externally-managed
[0.918s] running egg_info
[0.918s] writing ../../build/arduinobot_py_examples/arduinobot_py_examples.egg-info/PKG-INFO
[0.919s] writing dependency_links to ../../build/arduinobot_py_examples/arduinobot_py_examples.egg-info/dependency_links.txt
[0.919s] writing entry points to ../../build/arduinobot_py_examples/arduinobot_py_examples.egg-info/entry_points.txt
[0.920s] writing requirements to ../../build/arduinobot_py_examples/arduinobot_py_examples.egg-info/requires.txt
[0.920s] writing top-level names to ../../build/arduinobot_py_examples/arduinobot_py_examples.egg-info/top_level.txt
[0.922s] reading manifest file '../../build/arduinobot_py_examples/arduinobot_py_examples.egg-info/SOURCES.txt'
[0.923s] writing manifest file '../../build/arduinobot_py_examples/arduinobot_py_examples.egg-info/SOURCES.txt'
[0.923s] running build
[0.923s] running build_py
[0.924s] copying arduinobot_py_examples/simple_subscriber.py -> /home/joshua/arduinobot_ws/build/arduinobot_py_examples/build/lib/arduinobot_py_examples
[0.924s] running install
[0.924s] /usr/lib/python3/dist-packages/setuptools/command/install.py:34: SetuptoolsDeprecationWarning: setup.py install is deprecated. Use build and pip and other standards-based tools.
[0.924s]   warnings.warn(
[0.925s] running install_lib
[0.925s] copying /home/joshua/arduinobot_ws/build/arduinobot_py_examples/build/lib/arduinobot_py_examples/simple_subscriber.py -> /home/joshua/arduinobot_ws/install/arduinobot_py_examples/lib/python3.10/site-packages/arduinobot_py_examples
[0.926s] byte-compiling /home/joshua/arduinobot_ws/install/arduinobot_py_examples/lib/python3.10/site-packages/arduinobot_py_examples/simple_subscriber.py to simple_subscriber.cpython-310.pyc
[0.927s] running install_data
[0.928s] running install_egg_info
[0.929s] removing '/home/joshua/arduinobot_ws/install/arduinobot_py_examples/lib/python3.10/site-packages/arduinobot_py_examples-0.0.0-py3.10.egg-info' (and everything under it)
[0.930s] Copying ../../build/arduinobot_py_examples/arduinobot_py_examples.egg-info to /home/joshua/arduinobot_ws/install/arduinobot_py_examples/lib/python3.10/site-packages/arduinobot_py_examples-0.0.0-py3.10.egg-info
[0.931s] running install_scripts
[0.947s] Installing simple_publisher script to /home/joshua/arduinobot_ws/install/arduinobot_py_examples/lib/arduinobot_py_examples
[0.947s] Installing simple_subscriber script to /home/joshua/arduinobot_ws/install/arduinobot_py_examples/lib/arduinobot_py_examples
[0.948s] writing list of installed files to '/home/joshua/arduinobot_ws/build/arduinobot_py_examples/install.log'
[0.968s] Invoked command in '/home/joshua/arduinobot_ws/src/arduinobot_py_examples' returned '0': PYTHONPATH=/home/joshua/arduinobot_ws/build/arduinobot_py_examples/prefix_override:/home/joshua/arduinobot_ws/install/arduinobot_py_examples/lib/python3.10/site-packages:${PYTHONPATH} /usr/bin/python3 setup.py egg_info --egg-base ../../build/arduinobot_py_examples build --build-base /home/joshua/arduinobot_ws/build/arduinobot_py_examples/build install --record /home/joshua/arduinobot_ws/build/arduinobot_py_examples/install.log --single-version-externally-managed
