[0.096s] Invoking command in '/home/joshua/arduinobot_ws/build/arduinobot_cpp_example': CMAKE_PREFIX_PATH=/opt/ros/humble /usr/bin/cmake --build /home/joshua/arduinobot_ws/build/arduinobot_cpp_example -- -j2 -l2
[0.164s] Invoked command in '/home/joshua/arduinobot_ws/build/arduinobot_cpp_example' returned '0': CMAKE_PREFIX_PATH=/opt/ros/humble /usr/bin/cmake --build /home/joshua/arduinobot_ws/build/arduinobot_cpp_example -- -j2 -l2
[0.206s] Invoking command in '/home/joshua/arduinobot_ws/build/arduinobot_cpp_example': CMAKE_PREFIX_PATH=/opt/ros/humble /usr/bin/cmake --install /home/joshua/arduinobot_ws/build/arduinobot_cpp_example
[0.216s] -- Install configuration: ""
[0.217s] -- Up-to-date: /home/joshua/arduinobot_ws/install/arduinobot_cpp_example/share/ament_index/resource_index/package_run_dependencies/arduinobot_cpp_example
[0.217s] -- Up-to-date: /home/joshua/arduinobot_ws/install/arduinobot_cpp_example/share/ament_index/resource_index/parent_prefix_path/arduinobot_cpp_example
[0.217s] -- Up-to-date: /home/joshua/arduinobot_ws/install/arduinobot_cpp_example/share/arduinobot_cpp_example/environment/ament_prefix_path.sh
[0.217s] -- Up-to-date: /home/joshua/arduinobot_ws/install/arduinobot_cpp_example/share/arduinobot_cpp_example/environment/ament_prefix_path.dsv
[0.218s] -- Up-to-date: /home/joshua/arduinobot_ws/install/arduinobot_cpp_example/share/arduinobot_cpp_example/environment/path.sh
[0.218s] -- Up-to-date: /home/joshua/arduinobot_ws/install/arduinobot_cpp_example/share/arduinobot_cpp_example/environment/path.dsv
[0.218s] -- Up-to-date: /home/joshua/arduinobot_ws/install/arduinobot_cpp_example/share/arduinobot_cpp_example/local_setup.bash
[0.218s] -- Up-to-date: /home/joshua/arduinobot_ws/install/arduinobot_cpp_example/share/arduinobot_cpp_example/local_setup.sh
[0.219s] -- Up-to-date: /home/joshua/arduinobot_ws/install/arduinobot_cpp_example/share/arduinobot_cpp_example/local_setup.zsh
[0.219s] -- Up-to-date: /home/joshua/arduinobot_ws/install/arduinobot_cpp_example/share/arduinobot_cpp_example/local_setup.dsv
[0.219s] -- Installing: /home/joshua/arduinobot_ws/install/arduinobot_cpp_example/share/arduinobot_cpp_example/package.dsv
[0.220s] -- Up-to-date: /home/joshua/arduinobot_ws/install/arduinobot_cpp_example/share/ament_index/resource_index/packages/arduinobot_cpp_example
[0.220s] -- Up-to-date: /home/joshua/arduinobot_ws/install/arduinobot_cpp_example/share/arduinobot_cpp_example/cmake/arduinobot_cpp_exampleConfig.cmake
[0.220s] -- Up-to-date: /home/joshua/arduinobot_ws/install/arduinobot_cpp_example/share/arduinobot_cpp_example/cmake/arduinobot_cpp_exampleConfig-version.cmake
[0.220s] -- Up-to-date: /home/joshua/arduinobot_ws/install/arduinobot_cpp_example/share/arduinobot_cpp_example/package.xml
[0.224s] Invoked command in '/home/joshua/arduinobot_ws/build/arduinobot_cpp_example' returned '0': CMAKE_PREFIX_PATH=/opt/ros/humble /usr/bin/cmake --install /home/joshua/arduinobot_ws/build/arduinobot_cpp_example
