[0.062s] Invoking command in '/home/joshua/arduinobot_ws/build/arduinobot_description': CMAKE_PREFIX_PATH=/opt/ros/humble /usr/bin/cmake --build /home/joshua/arduinobot_ws/build/arduinobot_description -- -j2 -l2
[0.113s] -- Found ament_cmake: 1.3.7 (/opt/ros/humble/share/ament_cmake/cmake)
[0.278s] -- Found ament_lint_auto: 0.12.10 (/opt/ros/humble/share/ament_lint_auto/cmake)
[0.361s] -- Added test 'flake8' to check Python code syntax and style conventions
[0.362s] -- Added test 'lint_cmake' to check CMake code style
[0.363s] -- Added test 'pep257' to check Python code against some of the docstring style conventions in PEP 257
[0.366s] -- Added test 'xmllint' to check XML markup files
[0.367s] -- Configuring done
[0.372s] -- Generating done
[0.374s] -- Build files have been written to: /home/joshua/arduinobot_ws/build/arduinobot_description
[0.408s] Invoked command in '/home/joshua/arduinobot_ws/build/arduinobot_description' returned '0': CMAKE_PREFIX_PATH=/opt/ros/humble /usr/bin/cmake --build /home/joshua/arduinobot_ws/build/arduinobot_description -- -j2 -l2
[0.475s] Invoking command in '/home/joshua/arduinobot_ws/build/arduinobot_description': CMAKE_PREFIX_PATH=/opt/ros/humble /usr/bin/cmake --install /home/joshua/arduinobot_ws/build/arduinobot_description
[0.488s] -- Install configuration: ""
[0.488s] -- Up-to-date: /home/joshua/arduinobot_ws/install/arduinobot_description/share/arduinobot_description/meshes
[0.488s] -- Up-to-date: /home/joshua/arduinobot_ws/install/arduinobot_description/share/arduinobot_description/meshes/left_finger.STL
[0.488s] -- Up-to-date: /home/joshua/arduinobot_ws/install/arduinobot_description/share/arduinobot_description/meshes/horizontal_arm.STL
[0.489s] -- Up-to-date: /home/joshua/arduinobot_ws/install/arduinobot_description/share/arduinobot_description/meshes/forward_drive_arm.STL
[0.489s] -- Up-to-date: /home/joshua/arduinobot_ws/install/arduinobot_description/share/arduinobot_description/meshes/right_finger.STL
[0.489s] -- Up-to-date: /home/joshua/arduinobot_ws/install/arduinobot_description/share/arduinobot_description/meshes/basement.STL
[0.489s] -- Up-to-date: /home/joshua/arduinobot_ws/install/arduinobot_description/share/arduinobot_description/meshes/vertical_drive_arm.STL
[0.489s] -- Up-to-date: /home/joshua/arduinobot_ws/install/arduinobot_description/share/arduinobot_description/meshes/plate.STL
[0.489s] -- Up-to-date: /home/joshua/arduinobot_ws/install/arduinobot_description/share/arduinobot_description/meshes/link.STL
[0.489s] -- Up-to-date: /home/joshua/arduinobot_ws/install/arduinobot_description/share/arduinobot_description/meshes/servo_plate.STL
[0.489s] -- Up-to-date: /home/joshua/arduinobot_ws/install/arduinobot_description/share/arduinobot_description/meshes/base_plate.STL
[0.489s] -- Up-to-date: /home/joshua/arduinobot_ws/install/arduinobot_description/share/arduinobot_description/meshes/claw_support.STL
[0.489s] -- Up-to-date: /home/joshua/arduinobot_ws/install/arduinobot_description/share/arduinobot_description/meshes/triangular_link.STL
[0.489s] -- Up-to-date: /home/joshua/arduinobot_ws/install/arduinobot_description/share/arduinobot_description/meshes/round_plate.STL
[0.489s] -- Up-to-date: /home/joshua/arduinobot_ws/install/arduinobot_description/share/arduinobot_description/urdf
[0.489s] -- Up-to-date: /home/joshua/arduinobot_ws/install/arduinobot_description/share/arduinobot_description/urdf/arduinobot.urdf.xacro
[0.489s] -- Up-to-date: /home/joshua/arduinobot_ws/install/arduinobot_description/share/arduinobot_description/launch
[0.489s] -- Up-to-date: /home/joshua/arduinobot_ws/install/arduinobot_description/share/arduinobot_description/launch/display.launch.py
[0.490s] -- Up-to-date: /home/joshua/arduinobot_ws/install/arduinobot_description/share/arduinobot_description/rviz
[0.490s] -- Up-to-date: /home/joshua/arduinobot_ws/install/arduinobot_description/share/arduinobot_description/rviz/display.rviz
[0.490s] -- Up-to-date: /home/joshua/arduinobot_ws/install/arduinobot_description/share/ament_index/resource_index/package_run_dependencies/arduinobot_description
[0.490s] -- Installing: /home/joshua/arduinobot_ws/install/arduinobot_description/share/ament_index/resource_index/parent_prefix_path/arduinobot_description
[0.490s] -- Installing: /home/joshua/arduinobot_ws/install/arduinobot_description/share/arduinobot_description/environment/ament_prefix_path.sh
[0.490s] -- Installing: /home/joshua/arduinobot_ws/install/arduinobot_description/share/arduinobot_description/environment/ament_prefix_path.dsv
[0.490s] -- Installing: /home/joshua/arduinobot_ws/install/arduinobot_description/share/arduinobot_description/environment/path.sh
[0.491s] -- Installing: /home/joshua/arduinobot_ws/install/arduinobot_description/share/arduinobot_description/environment/path.dsv
[0.491s] -- Up-to-date: /home/joshua/arduinobot_ws/install/arduinobot_description/share/arduinobot_description/local_setup.bash
[0.491s] -- Up-to-date: /home/joshua/arduinobot_ws/install/arduinobot_description/share/arduinobot_description/local_setup.sh
[0.491s] -- Up-to-date: /home/joshua/arduinobot_ws/install/arduinobot_description/share/arduinobot_description/local_setup.zsh
[0.491s] -- Installing: /home/joshua/arduinobot_ws/install/arduinobot_description/share/arduinobot_description/local_setup.dsv
[0.491s] -- Installing: /home/joshua/arduinobot_ws/install/arduinobot_description/share/arduinobot_description/package.dsv
[0.492s] -- Up-to-date: /home/joshua/arduinobot_ws/install/arduinobot_description/share/ament_index/resource_index/packages/arduinobot_description
[0.492s] -- Up-to-date: /home/joshua/arduinobot_ws/install/arduinobot_description/share/arduinobot_description/cmake/arduinobot_descriptionConfig.cmake
[0.492s] -- Up-to-date: /home/joshua/arduinobot_ws/install/arduinobot_description/share/arduinobot_description/cmake/arduinobot_descriptionConfig-version.cmake
[0.492s] -- Up-to-date: /home/joshua/arduinobot_ws/install/arduinobot_description/share/arduinobot_description/package.xml
[0.496s] Invoked command in '/home/joshua/arduinobot_ws/build/arduinobot_description' returned '0': CMAKE_PREFIX_PATH=/opt/ros/humble /usr/bin/cmake --install /home/joshua/arduinobot_ws/build/arduinobot_description
